Exception at PC 0x000007FEFCA6BE0D
Exception at PC 0x000007FEFCA6BE0D
Exception at PC 0x000007FEFCA6BE0D
Exception at PC 0x000007FEFCA6BE0D
Exception at PC 0x000007FE9E44E132
Attemped to write at address 0x000007FED9B24AA4
Printing stacktrace...

[0]  [0x000007FE9E44E132]
[1]  [0x000007FE9E44E132]
[2]  [0x000007FE9E44E194]
[3]  [0x000007FE9E09D0D7]
[4]  [0x000007FE9DF82BCA]
[5]  [0x000007FE9DF82FD1]
[6]  [0x000007FE9E44EB2F]
[7]  [0x000007FE9E30C19D]
[8]  [0x000007FE9E305942]
[9]  [0x000007FE9E305AB5]
[10] (LdrShutdownProcess+0x1db) [0x0000000076EA778B]
[11] (RtlExitUserProcess+0x90) [0x0000000076EAC1E0]
[12] (wcstoui64+0x2fa) [0x000007FEFD6A99E2]
[13]  [0x00000000004014CD]
[14]  [0x000000000040151B]
[15] (BaseThreadInitThunk+0xd) [0x0000000076C6571D]
[16] (RtlUserThreadStart+0x1d) [0x0000000076EC385D]
Done
