

================================================================
== Vivado HLS Report for 'ip2ps_fifo'
================================================================
* Date:           Wed May 29 09:54:40 2019

* Version:        2017.4 (Build 2086221 on Fri Dec 15 21:13:33 MST 2017)
* Project:        my_ip_hls
* Solution:       solution1
* Product family: zynq
* Target device:  xc7z045ffg900-2


================================================================
== Performance Estimates
================================================================
+ Timing (ns): 
    * Summary: 
    +--------+-------+----------+------------+
    |  Clock | Target| Estimated| Uncertainty|
    +--------+-------+----------+------------+
    |ap_clk  |  10.00|      3.40|        1.25|
    +--------+-------+----------+------------+

+ Latency (clock cycles): 
    * Summary: 
    +-----+-----+-----+-----+----------+
    |  Latency  |  Interval | Pipeline |
    | min | max | min | max |   Type   |
    +-----+-----+-----+-----+----------+
    |    2|    2|    1|    1| function |
    +-----+-----+-----+-----+----------+

    + Detail: 
        * Instance: 
        N/A

        * Loop: 
        N/A



================================================================
== Utilization Estimates
================================================================
* Summary: 
+-----------------+---------+-------+--------+--------+
|       Name      | BRAM_18K| DSP48E|   FF   |   LUT  |
+-----------------+---------+-------+--------+--------+
|DSP              |        -|      -|       -|       -|
|Expression       |        -|      -|       0|     112|
|FIFO             |        -|      -|       -|       -|
|Instance         |        -|      -|       -|       -|
|Memory           |        -|      -|       -|       -|
|Multiplexer      |        -|      -|       -|     147|
|Register         |        -|      -|     131|       -|
+-----------------+---------+-------+--------+--------+
|Total            |        0|      0|     131|     259|
+-----------------+---------+-------+--------+--------+
|Available        |     1090|    900|  437200|  218600|
+-----------------+---------+-------+--------+--------+
|Utilization (%)  |        0|      0|   ~0   |   ~0   |
+-----------------+---------+-------+--------+--------+

+ Detail: 
    * Instance: 
    N/A

    * DSP48: 
    N/A

    * Memory: 
    N/A

    * FIFO: 
    N/A

    * Expression: 
    +----------------------------------+----------+-------+---+----+------------+------------+
    |           Variable Name          | Operation| DSP48E| FF| LUT| Bitwidth P0| Bitwidth P1|
    +----------------------------------+----------+-------+---+----+------------+------------+
    |ap_block_state2_io                |    and   |      0|  0|   8|           1|           1|
    |ap_block_state3_io                |    and   |      0|  0|   8|           1|           1|
    |ip2psFifo_V_data_V0_status        |    and   |      0|  0|   8|           1|           1|
    |ip2ps_V_data_V_1_load_A           |    and   |      0|  0|   8|           1|           1|
    |ip2ps_V_data_V_1_load_B           |    and   |      0|  0|   8|           1|           1|
    |ip2ps_V_last_V_1_load_A           |    and   |      0|  0|   8|           1|           1|
    |ip2ps_V_last_V_1_load_B           |    and   |      0|  0|   8|           1|           1|
    |ip2ps_V_strb_V_1_load_A           |    and   |      0|  0|   8|           1|           1|
    |ip2ps_V_strb_V_1_load_B           |    and   |      0|  0|   8|           1|           1|
    |ip2ps_V_data_V_1_state_cmp_full   |   icmp   |      0|  0|   8|           2|           1|
    |ip2ps_V_last_V_1_state_cmp_full   |   icmp   |      0|  0|   8|           2|           1|
    |ip2ps_V_strb_V_1_state_cmp_full   |   icmp   |      0|  0|   8|           2|           1|
    |ap_block_state1_pp0_stage0_iter0  |    or    |      0|  0|   8|           1|           1|
    |ap_block_state3_pp0_stage0_iter2  |    or    |      0|  0|   8|           1|           1|
    +----------------------------------+----------+-------+---+----+------------+------------+
    |Total                             |          |      0|  0| 112|          17|          14|
    +----------------------------------+----------+-------+---+----+------------+------------+

    * Multiplexer: 
    +---------------------------+----+-----------+-----+-----------+
    |            Name           | LUT| Input Size| Bits| Total Bits|
    +---------------------------+----+-----------+-----+-----------+
    |ap_NS_iter1_fsm            |  15|          3|    2|          6|
    |ap_NS_iter2_fsm            |  15|          3|    2|          6|
    |ap_done                    |   9|          2|    1|          2|
    |ip2psFifo_V_data_V_blk_n   |   9|          2|    1|          2|
    |ip2psFifo_V_last_V_blk_n   |   9|          2|    1|          2|
    |ip2psFifo_V_strb_V_blk_n   |   9|          2|    1|          2|
    |ip2ps_V_data_V_1_data_out  |   9|          2|   32|         64|
    |ip2ps_V_data_V_1_state     |  15|          3|    2|          6|
    |ip2ps_V_last_V_1_data_out  |   9|          2|    1|          2|
    |ip2ps_V_last_V_1_state     |  15|          3|    2|          6|
    |ip2ps_V_strb_V_1_data_out  |   9|          2|    4|          8|
    |ip2ps_V_strb_V_1_state     |  15|          3|    2|          6|
    |masterOut_TDATA_blk_n      |   9|          2|    1|          2|
    +---------------------------+----+-----------+-----+-----------+
    |Total                      | 147|         31|   52|        114|
    +---------------------------+----+-----------+-----+-----------+

    * Register: 
    +-----------------------------+----+----+-----+-----------+
    |             Name            | FF | LUT| Bits| Const Bits|
    +-----------------------------+----+----+-----+-----------+
    |ap_CS_iter0_fsm              |   1|   0|    1|          0|
    |ap_CS_iter1_fsm              |   2|   0|    2|          0|
    |ap_CS_iter2_fsm              |   2|   0|    2|          0|
    |ap_done_reg                  |   1|   0|    1|          0|
    |ap_reg_pp0_iter1_tmp_reg_89  |   1|   0|    1|          0|
    |ip2ps_V_data_V_1_payload_A   |  32|   0|   32|          0|
    |ip2ps_V_data_V_1_payload_B   |  32|   0|   32|          0|
    |ip2ps_V_data_V_1_sel_rd      |   1|   0|    1|          0|
    |ip2ps_V_data_V_1_sel_wr      |   1|   0|    1|          0|
    |ip2ps_V_data_V_1_state       |   2|   0|    2|          0|
    |ip2ps_V_last_V_1_payload_A   |   1|   0|    1|          0|
    |ip2ps_V_last_V_1_payload_B   |   1|   0|    1|          0|
    |ip2ps_V_last_V_1_sel_rd      |   1|   0|    1|          0|
    |ip2ps_V_last_V_1_sel_wr      |   1|   0|    1|          0|
    |ip2ps_V_last_V_1_state       |   2|   0|    2|          0|
    |ip2ps_V_strb_V_1_payload_A   |   4|   0|    4|          0|
    |ip2ps_V_strb_V_1_payload_B   |   4|   0|    4|          0|
    |ip2ps_V_strb_V_1_sel_rd      |   1|   0|    1|          0|
    |ip2ps_V_strb_V_1_sel_wr      |   1|   0|    1|          0|
    |ip2ps_V_strb_V_1_state       |   2|   0|    2|          0|
    |tmp_data_V_reg_93            |  32|   0|   32|          0|
    |tmp_last_V_reg_103           |   1|   0|    1|          0|
    |tmp_reg_89                   |   1|   0|    1|          0|
    |tmp_strb_V_reg_98            |   4|   0|    4|          0|
    +-----------------------------+----+----+-----+-----------+
    |Total                        | 131|   0|  131|          0|
    +-----------------------------+----+----+-----+-----------+



================================================================
== Interface
================================================================
* Summary: 
+----------------------------+-----+-----+------------+--------------------+--------------+
|          RTL Ports         | Dir | Bits|  Protocol  |    Source Object   |    C Type    |
+----------------------------+-----+-----+------------+--------------------+--------------+
|ap_clk                      |  in |    1| ap_ctrl_hs |     ip2ps_fifo     | return value |
|ap_rst                      |  in |    1| ap_ctrl_hs |     ip2ps_fifo     | return value |
|ap_start                    |  in |    1| ap_ctrl_hs |     ip2ps_fifo     | return value |
|ap_done                     | out |    1| ap_ctrl_hs |     ip2ps_fifo     | return value |
|ap_continue                 |  in |    1| ap_ctrl_hs |     ip2ps_fifo     | return value |
|ap_idle                     | out |    1| ap_ctrl_hs |     ip2ps_fifo     | return value |
|ap_ready                    | out |    1| ap_ctrl_hs |     ip2ps_fifo     | return value |
|masterOut_TREADY            |  in |    1|    axis    |   ip2ps_V_last_V   |    pointer   |
|masterOut_TVALID            | out |    1|    axis    |   ip2ps_V_last_V   |    pointer   |
|masterOut_TLAST             | out |    1|    axis    |   ip2ps_V_last_V   |    pointer   |
|masterOut_TDATA             | out |   32|    axis    |   ip2ps_V_data_V   |    pointer   |
|masterOut_TSTRB             | out |    4|    axis    |   ip2ps_V_strb_V   |    pointer   |
|ip2psFifo_V_data_V_dout     |  in |   32|   ap_fifo  | ip2psFifo_V_data_V |    pointer   |
|ip2psFifo_V_data_V_empty_n  |  in |    1|   ap_fifo  | ip2psFifo_V_data_V |    pointer   |
|ip2psFifo_V_data_V_read     | out |    1|   ap_fifo  | ip2psFifo_V_data_V |    pointer   |
|ip2psFifo_V_strb_V_dout     |  in |    4|   ap_fifo  | ip2psFifo_V_strb_V |    pointer   |
|ip2psFifo_V_strb_V_empty_n  |  in |    1|   ap_fifo  | ip2psFifo_V_strb_V |    pointer   |
|ip2psFifo_V_strb_V_read     | out |    1|   ap_fifo  | ip2psFifo_V_strb_V |    pointer   |
|ip2psFifo_V_last_V_dout     |  in |    1|   ap_fifo  | ip2psFifo_V_last_V |    pointer   |
|ip2psFifo_V_last_V_empty_n  |  in |    1|   ap_fifo  | ip2psFifo_V_last_V |    pointer   |
|ip2psFifo_V_last_V_read     | out |    1|   ap_fifo  | ip2psFifo_V_last_V |    pointer   |
+----------------------------+-----+-----+------------+--------------------+--------------+

============================================================
+ Verbose Summary: Synthesis Manager
============================================================
InlineROM: 1
ExposeGlobal: 0
============================================================
+ Verbose Summary: CDFG Model
============================================================
IsTopModel: 0
ResetActiveHigh: 1
IsCombinational: 2
IsDatapathOnly: 0
HasWiredReturn: 1
HasMFsm: 1
HasVarLatency: 0
IsPipeline: 1
IsRtlPipelined: 1
IsInstanceOverlapped: 0
IsDontTouch: 0
HasImplIP: 0
IsGatedGlobalClock: 0

+ Individual pipeline summary: 
  * Pipeline-0: initiation interval (II) = 1, depth = 3


============================================================
+ Verbose Summary: Schedule
============================================================
* Number of FSM states : 3
* Pipeline : 1
  Pipeline-0 : II = 1, D = 3, States = { 1 2 3 }
* Dataflow Pipeline: 0

* FSM state transitions: 
1 --> 
	2  / true
2 --> 
	3  / true
3 --> 

* FSM state operations: 

 <State 1> : 3.40ns
ST_1 : Operation 4 [1/1] (0.00ns)   --->   "%tmp = call i1 @_ssdm_op_NbReadReq.ap_fifo.i32P.i4P.i1P(i32* @ip2psFifo_V_data_V, i4* @ip2psFifo_V_strb_V, i1* @ip2psFifo_V_last_V, i32 1)" [my_ip_hls/ip2ps_fifo.cpp:14]   --->   Core 32 'FIFO' <Latency = 0> <II = 1> <Delay = 3.40> <Storage> <Opcode : 'read' 'write' 'nbread' 'nbwrite'> <Ports = 0> <Width = 32> <Depth = 1> <FIFO>
ST_1 : Operation 5 [1/1] (0.00ns)   --->   "br i1 %tmp, label %0, label %ip2ps_fifo.exit" [my_ip_hls/ip2ps_fifo.cpp:14]
ST_1 : Operation 6 [1/1] (3.40ns)   --->   "%empty = call { i32, i4, i1 } @_ssdm_op_Read.ap_fifo.volatile.i32P.i4P.i1P(i32* @ip2psFifo_V_data_V, i4* @ip2psFifo_V_strb_V, i1* @ip2psFifo_V_last_V)" [my_ip_hls/ip2ps_fifo.cpp:16]   --->   Core 32 'FIFO' <Latency = 0> <II = 1> <Delay = 3.40> <Storage> <Opcode : 'read' 'write' 'nbread' 'nbwrite'> <Ports = 0> <Width = 32> <Depth = 1> <FIFO>
ST_1 : Operation 7 [1/1] (0.00ns)   --->   "%tmp_data_V = extractvalue { i32, i4, i1 } %empty, 0" [my_ip_hls/ip2ps_fifo.cpp:16]
ST_1 : Operation 8 [1/1] (0.00ns)   --->   "%tmp_strb_V = extractvalue { i32, i4, i1 } %empty, 1" [my_ip_hls/ip2ps_fifo.cpp:16]
ST_1 : Operation 9 [1/1] (0.00ns)   --->   "%tmp_last_V = extractvalue { i32, i4, i1 } %empty, 2" [my_ip_hls/ip2ps_fifo.cpp:16]

 <State 2> : 0.00ns
ST_2 : Operation 10 [2/2] (0.00ns)   --->   "call void @_ssdm_op_Write.axis.volatile.i32P.i4P.i1P(i32* %ip2ps_V_data_V, i4* %ip2ps_V_strb_V, i1* %ip2ps_V_last_V, i32 %tmp_data_V, i4 %tmp_strb_V, i1 %tmp_last_V)" [my_ip_hls/ip2ps_fifo.cpp:17]   --->   Core 5 'AXI4Stream' <Latency = 0> <II = 1> <Delay = 1.00> <Adapter> <Opcode : >

 <State 3> : 0.00ns
ST_3 : Operation 11 [1/1] (0.00ns)   --->   "call void (...)* @_ssdm_op_SpecInterface(i32* @ip2psFifo_V_data_V, [8 x i8]* @ap_fifo_str, i32 0, i32 0, [1 x i8]* @p_str, i32 0, i32 0, [1 x i8]* @p_str, [1 x i8]* @p_str, [1 x i8]* @p_str, i32 2, i32 2, i32 16, i32 16, [1 x i8]* @p_str, [1 x i8]* @p_str)"
ST_3 : Operation 12 [1/1] (0.00ns)   --->   "call void (...)* @_ssdm_op_SpecInterface(i1* @ip2psFifo_V_last_V, [8 x i8]* @ap_fifo_str, i32 0, i32 0, [1 x i8]* @p_str, i32 0, i32 0, [1 x i8]* @p_str, [1 x i8]* @p_str, [1 x i8]* @p_str, i32 2, i32 2, i32 16, i32 16, [1 x i8]* @p_str, [1 x i8]* @p_str)"
ST_3 : Operation 13 [1/1] (0.00ns)   --->   "call void (...)* @_ssdm_op_SpecInterface(i4* @ip2psFifo_V_strb_V, [8 x i8]* @ap_fifo_str, i32 0, i32 0, [1 x i8]* @p_str, i32 0, i32 0, [1 x i8]* @p_str, [1 x i8]* @p_str, [1 x i8]* @p_str, i32 2, i32 2, i32 16, i32 16, [1 x i8]* @p_str, [1 x i8]* @p_str)"
ST_3 : Operation 14 [1/1] (0.00ns)   --->   "call void (...)* @_ssdm_op_SpecInterface(i32* %ip2ps_V_data_V, i4* %ip2ps_V_strb_V, i1* %ip2ps_V_last_V, [5 x i8]* @p_str1, i32 1, i32 1, [5 x i8]* @p_str2, i32 0, i32 0, [1 x i8]* @p_str7, [1 x i8]* @p_str7, [1 x i8]* @p_str7, i32 0, i32 0, i32 0, i32 0, [1 x i8]* @p_str7, [1 x i8]* @p_str7) nounwind"
ST_3 : Operation 15 [1/1] (0.00ns)   --->   "call void (...)* @_ssdm_op_SpecPipeline(i32 1, i32 2, i32 1, i32 0, [1 x i8]* @p_str14) nounwind" [my_ip_hls/ip2ps_fifo.cpp:5]
ST_3 : Operation 16 [1/2] (0.00ns)   --->   "call void @_ssdm_op_Write.axis.volatile.i32P.i4P.i1P(i32* %ip2ps_V_data_V, i4* %ip2ps_V_strb_V, i1* %ip2ps_V_last_V, i32 %tmp_data_V, i4 %tmp_strb_V, i1 %tmp_last_V)" [my_ip_hls/ip2ps_fifo.cpp:17]   --->   Core 5 'AXI4Stream' <Latency = 0> <II = 1> <Delay = 1.00> <Adapter> <Opcode : >
ST_3 : Operation 17 [1/1] (0.00ns)   --->   "br label %ip2ps_fifo.exit" [my_ip_hls/ip2ps_fifo.cpp:18]
ST_3 : Operation 18 [1/1] (0.00ns)   --->   "ret void"


============================================================
+ Verbose Summary: Binding
============================================================
STG Binding: 
---------------- STG Properties BEGIN ----------------
- Is combinational: 0
- Is one-state seq: 0
- Is datapath-only: 0
- Is pipelined: 1
- Is top level: 0
Port [ Return ] is wired: 1; IO mode=ap_ctrl_hs:ce=0
Port [ ip2ps_V_data_V]:  wired=1; compound=1; hidden=0; nouse=0; global=0; static=0; extern=0; dir=1; type=0; pingpong=0; private_global=0; IO mode=axis:ce=0
Port [ ip2ps_V_strb_V]:  wired=1; compound=1; hidden=0; nouse=0; global=0; static=0; extern=0; dir=1; type=0; pingpong=0; private_global=0; IO mode=axis:ce=0
Port [ ip2ps_V_last_V]:  wired=1; compound=1; hidden=0; nouse=0; global=0; static=0; extern=0; dir=1; type=0; pingpong=0; private_global=0; IO mode=axis:ce=0
Port [ ip2psFifo_V_data_V]:  wired=1; compound=1; hidden=0; nouse=0; global=1; static=1; extern=0; dir=0; type=3; pingpong=0; private_global=0; linkage=7; visibility=0; IO mode=ap_fifo:ce=0
Port [ ip2psFifo_V_strb_V]:  wired=1; compound=1; hidden=0; nouse=0; global=1; static=1; extern=0; dir=0; type=3; pingpong=0; private_global=0; linkage=7; visibility=0; IO mode=ap_fifo:ce=0
Port [ ip2psFifo_V_last_V]:  wired=1; compound=1; hidden=0; nouse=0; global=1; static=1; extern=0; dir=0; type=3; pingpong=0; private_global=0; linkage=7; visibility=0; IO mode=ap_fifo:ce=0
---------------- STG Properties END ------------------

---------------- Datapath Model BEGIN ----------------

<LifeTime>
<method=bitvector/>
tmp         (nbreadreq    ) [ 0111]
StgValue_5  (br           ) [ 0000]
empty       (read         ) [ 0000]
tmp_data_V  (extractvalue ) [ 0111]
tmp_strb_V  (extractvalue ) [ 0111]
tmp_last_V  (extractvalue ) [ 0111]
StgValue_11 (specinterface) [ 0000]
StgValue_12 (specinterface) [ 0000]
StgValue_13 (specinterface) [ 0000]
StgValue_14 (specinterface) [ 0000]
StgValue_15 (specpipeline ) [ 0000]
StgValue_16 (write        ) [ 0000]
StgValue_17 (br           ) [ 0000]
StgValue_18 (ret          ) [ 0000]
</LifeTime>

<model>

<comp_list>
<comp id="0" class="1000" name="ip2ps_V_data_V">
<pin_list>
<pin id="1" dir="1" index="0" bw="1" slack="0"/>
</pin_list>
<bind>
<StgValue><ssdm name="ip2ps_V_data_V"/></StgValue>
</bind>
</comp>

<comp id="2" class="1000" name="ip2ps_V_strb_V">
<pin_list>
<pin id="3" dir="1" index="0" bw="1" slack="0"/>
</pin_list>
<bind>
<StgValue><ssdm name="ip2ps_V_strb_V"/></StgValue>
</bind>
</comp>

<comp id="4" class="1000" name="ip2ps_V_last_V">
<pin_list>
<pin id="5" dir="1" index="0" bw="1" slack="0"/>
</pin_list>
<bind>
<StgValue><ssdm name="ip2ps_V_last_V"/></StgValue>
</bind>
</comp>

<comp id="6" class="1000" name="ip2psFifo_V_data_V">
<pin_list>
<pin id="7" dir="1" index="0" bw="1" slack="0"/>
</pin_list>
<bind>
<StgValue><ssdm name="ip2psFifo_V_data_V"/></StgValue>
</bind>
</comp>

<comp id="8" class="1000" name="ip2psFifo_V_strb_V">
<pin_list>
<pin id="9" dir="1" index="0" bw="1" slack="0"/>
</pin_list>
<bind>
<StgValue><ssdm name="ip2psFifo_V_strb_V"/></StgValue>
</bind>
</comp>

<comp id="10" class="1000" name="ip2psFifo_V_last_V">
<pin_list>
<pin id="11" dir="1" index="0" bw="1" slack="0"/>
</pin_list>
<bind>
<StgValue><ssdm name="ip2psFifo_V_last_V"/></StgValue>
</bind>
</comp>

<comp id="12" class="1001" name="const_12">
<pin_list>
<pin id="13" dir="1" index="0" bw="1" slack="0"/>
</pin_list>
<bind>
<StgValue><ssdm name="_ssdm_op_NbReadReq.ap_fifo.i32P.i4P.i1P"/></StgValue>
</bind>
</comp>

<comp id="14" class="1001" name="const_14">
<pin_list>
<pin id="15" dir="1" index="0" bw="1" slack="0"/>
</pin_list>
<bind>
<StgValue><ssdm name=""/></StgValue>
</bind>
</comp>

<comp id="16" class="1001" name="const_16">
<pin_list>
<pin id="17" dir="1" index="0" bw="1" slack="0"/>
</pin_list>
<bind>
<StgValue><ssdm name="_ssdm_op_Read.ap_fifo.volatile.i32P.i4P.i1P"/></StgValue>
</bind>
</comp>

<comp id="18" class="1001" name="const_18">
<pin_list>
<pin id="19" dir="1" index="0" bw="1" slack="0"/>
</pin_list>
<bind>
<StgValue><ssdm name="_ssdm_op_Write.axis.volatile.i32P.i4P.i1P"/></StgValue>
</bind>
</comp>

<comp id="20" class="1001" name="const_20">
<pin_list>
<pin id="21" dir="1" index="0" bw="1" slack="2147483647"/>
</pin_list>
<bind>
<StgValue><ssdm name="_ssdm_op_SpecInterface"/></StgValue>
</bind>
</comp>

<comp id="22" class="1001" name="const_22">
<pin_list>
<pin id="23" dir="1" index="0" bw="1" slack="2147483647"/>
</pin_list>
<bind>
<StgValue><ssdm name="ap_fifo_str"/></StgValue>
</bind>
</comp>

<comp id="24" class="1001" name="const_24">
<pin_list>
<pin id="25" dir="1" index="0" bw="1" slack="2147483647"/>
</pin_list>
<bind>
<StgValue><ssdm name=""/></StgValue>
</bind>
</comp>

<comp id="26" class="1001" name="const_26">
<pin_list>
<pin id="27" dir="1" index="0" bw="1" slack="2147483647"/>
</pin_list>
<bind>
<StgValue><ssdm name="p_str"/></StgValue>
</bind>
</comp>

<comp id="28" class="1001" name="const_28">
<pin_list>
<pin id="29" dir="1" index="0" bw="1" slack="2147483647"/>
</pin_list>
<bind>
<StgValue><ssdm name=""/></StgValue>
</bind>
</comp>

<comp id="30" class="1001" name="const_30">
<pin_list>
<pin id="31" dir="1" index="0" bw="1" slack="2147483647"/>
</pin_list>
<bind>
<StgValue><ssdm name=""/></StgValue>
</bind>
</comp>

<comp id="32" class="1001" name="const_32">
<pin_list>
<pin id="33" dir="1" index="0" bw="1" slack="2147483647"/>
</pin_list>
<bind>
<StgValue><ssdm name="p_str1"/></StgValue>
</bind>
</comp>

<comp id="34" class="1001" name="const_34">
<pin_list>
<pin id="35" dir="1" index="0" bw="1" slack="2147483647"/>
</pin_list>
<bind>
<StgValue><ssdm name="p_str2"/></StgValue>
</bind>
</comp>

<comp id="36" class="1001" name="const_36">
<pin_list>
<pin id="37" dir="1" index="0" bw="1" slack="2147483647"/>
</pin_list>
<bind>
<StgValue><ssdm name="p_str7"/></StgValue>
</bind>
</comp>

<comp id="38" class="1001" name="const_38">
<pin_list>
<pin id="39" dir="1" index="0" bw="1" slack="2147483647"/>
</pin_list>
<bind>
<StgValue><ssdm name="_ssdm_op_SpecPipeline"/></StgValue>
</bind>
</comp>

<comp id="40" class="1001" name="const_40">
<pin_list>
<pin id="41" dir="1" index="0" bw="1" slack="2147483647"/>
</pin_list>
<bind>
<StgValue><ssdm name="p_str14"/></StgValue>
</bind>
</comp>

<comp id="42" class="1004" name="tmp_nbreadreq_fu_42">
<pin_list>
<pin id="43" dir="0" index="0" bw="1" slack="0"/>
<pin id="44" dir="0" index="1" bw="32" slack="0"/>
<pin id="45" dir="0" index="2" bw="4" slack="0"/>
<pin id="46" dir="0" index="3" bw="1" slack="0"/>
<pin id="47" dir="0" index="4" bw="1" slack="0"/>
<pin id="48" dir="1" index="5" bw="1" slack="1"/>
</pin_list>
<bind>
<opcode="nbreadreq(1156) " fcode="nbreadreq"/>
<opset="tmp/1 "/>
</bind>
</comp>

<comp id="54" class="1004" name="empty_read_fu_54">
<pin_list>
<pin id="55" dir="0" index="0" bw="37" slack="0"/>
<pin id="56" dir="0" index="1" bw="32" slack="0"/>
<pin id="57" dir="0" index="2" bw="4" slack="0"/>
<pin id="58" dir="0" index="3" bw="1" slack="0"/>
<pin id="59" dir="1" index="4" bw="37" slack="0"/>
</pin_list>
<bind>
<opcode="read(1150) " fcode="read"/>
<opset="empty/1 "/>
</bind>
</comp>

<comp id="64" class="1004" name="grp_write_fu_64">
<pin_list>
<pin id="65" dir="0" index="0" bw="0" slack="0"/>
<pin id="66" dir="0" index="1" bw="32" slack="0"/>
<pin id="67" dir="0" index="2" bw="4" slack="0"/>
<pin id="68" dir="0" index="3" bw="1" slack="0"/>
<pin id="69" dir="0" index="4" bw="32" slack="1"/>
<pin id="70" dir="0" index="5" bw="4" slack="1"/>
<pin id="71" dir="0" index="6" bw="1" slack="1"/>
<pin id="72" dir="1" index="7" bw="0" slack="2147483647"/>
</pin_list>
<bind>
<opcode="write(1151) " fcode="write"/>
<opset="StgValue_10/2 "/>
</bind>
</comp>

<comp id="77" class="1004" name="tmp_data_V_fu_77">
<pin_list>
<pin id="78" dir="0" index="0" bw="37" slack="0"/>
<pin id="79" dir="1" index="1" bw="32" slack="1"/>
</pin_list>
<bind>
<opcode="extractvalue(56) " fcode="extractvalue"/>
<opset="tmp_data_V/1 "/>
</bind>
</comp>

<comp id="81" class="1004" name="tmp_strb_V_fu_81">
<pin_list>
<pin id="82" dir="0" index="0" bw="37" slack="0"/>
<pin id="83" dir="1" index="1" bw="4" slack="1"/>
</pin_list>
<bind>
<opcode="extractvalue(56) " fcode="extractvalue"/>
<opset="tmp_strb_V/1 "/>
</bind>
</comp>

<comp id="85" class="1004" name="tmp_last_V_fu_85">
<pin_list>
<pin id="86" dir="0" index="0" bw="37" slack="0"/>
<pin id="87" dir="1" index="1" bw="1" slack="1"/>
</pin_list>
<bind>
<opcode="extractvalue(56) " fcode="extractvalue"/>
<opset="tmp_last_V/1 "/>
</bind>
</comp>

<comp id="89" class="1005" name="tmp_reg_89">
<pin_list>
<pin id="90" dir="0" index="0" bw="1" slack="1"/>
<pin id="91" dir="1" index="1" bw="1" slack="2147483647"/>
</pin_list>
<bind>
<opset="tmp "/>
</bind>
</comp>

<comp id="93" class="1005" name="tmp_data_V_reg_93">
<pin_list>
<pin id="94" dir="0" index="0" bw="32" slack="1"/>
<pin id="95" dir="1" index="1" bw="32" slack="1"/>
</pin_list>
<bind>
<opset="tmp_data_V "/>
</bind>
</comp>

<comp id="98" class="1005" name="tmp_strb_V_reg_98">
<pin_list>
<pin id="99" dir="0" index="0" bw="4" slack="1"/>
<pin id="100" dir="1" index="1" bw="4" slack="1"/>
</pin_list>
<bind>
<opset="tmp_strb_V "/>
</bind>
</comp>

<comp id="103" class="1005" name="tmp_last_V_reg_103">
<pin_list>
<pin id="104" dir="0" index="0" bw="1" slack="1"/>
<pin id="105" dir="1" index="1" bw="1" slack="1"/>
</pin_list>
<bind>
<opset="tmp_last_V "/>
</bind>
</comp>

</comp_list>

<net_list>
<net id="49"><net_src comp="12" pin="0"/><net_sink comp="42" pin=0"/></net>

<net id="50"><net_src comp="6" pin="0"/><net_sink comp="42" pin=1"/></net>

<net id="51"><net_src comp="8" pin="0"/><net_sink comp="42" pin=2"/></net>

<net id="52"><net_src comp="10" pin="0"/><net_sink comp="42" pin=3"/></net>

<net id="53"><net_src comp="14" pin="0"/><net_sink comp="42" pin=4"/></net>

<net id="60"><net_src comp="16" pin="0"/><net_sink comp="54" pin=0"/></net>

<net id="61"><net_src comp="6" pin="0"/><net_sink comp="54" pin=1"/></net>

<net id="62"><net_src comp="8" pin="0"/><net_sink comp="54" pin=2"/></net>

<net id="63"><net_src comp="10" pin="0"/><net_sink comp="54" pin=3"/></net>

<net id="73"><net_src comp="18" pin="0"/><net_sink comp="64" pin=0"/></net>

<net id="74"><net_src comp="0" pin="0"/><net_sink comp="64" pin=1"/></net>

<net id="75"><net_src comp="2" pin="0"/><net_sink comp="64" pin=2"/></net>

<net id="76"><net_src comp="4" pin="0"/><net_sink comp="64" pin=3"/></net>

<net id="80"><net_src comp="54" pin="4"/><net_sink comp="77" pin=0"/></net>

<net id="84"><net_src comp="54" pin="4"/><net_sink comp="81" pin=0"/></net>

<net id="88"><net_src comp="54" pin="4"/><net_sink comp="85" pin=0"/></net>

<net id="92"><net_src comp="42" pin="5"/><net_sink comp="89" pin=0"/></net>

<net id="96"><net_src comp="77" pin="1"/><net_sink comp="93" pin=0"/></net>

<net id="97"><net_src comp="93" pin="1"/><net_sink comp="64" pin=4"/></net>

<net id="101"><net_src comp="81" pin="1"/><net_sink comp="98" pin=0"/></net>

<net id="102"><net_src comp="98" pin="1"/><net_sink comp="64" pin=5"/></net>

<net id="106"><net_src comp="85" pin="1"/><net_sink comp="103" pin=0"/></net>

<net id="107"><net_src comp="103" pin="1"/><net_sink comp="64" pin=6"/></net>

</net_list>

</model> 
---------------- Datapath Model END ------------------

* FSMD analyzer results:
  - Output states:
	Port: ip2ps_V_data_V | {3 }
	Port: ip2ps_V_strb_V | {3 }
	Port: ip2ps_V_last_V | {3 }
	Port: ip2psFifo_V_data_V | {}
	Port: ip2psFifo_V_strb_V | {}
	Port: ip2psFifo_V_last_V | {}
 - Input state : 
	Port: ip2ps_fifo : ip2ps_V_data_V | {}
	Port: ip2ps_fifo : ip2ps_V_strb_V | {}
	Port: ip2ps_fifo : ip2ps_V_last_V | {}
	Port: ip2ps_fifo : ip2psFifo_V_data_V | {1 }
	Port: ip2ps_fifo : ip2psFifo_V_strb_V | {1 }
	Port: ip2ps_fifo : ip2psFifo_V_last_V | {1 }
  - Chain level:
	State 1
	State 2
	State 3


============================================================
+ Verbose Summary: Datapath Resource usage 
============================================================

* Functional unit list:
|----------|---------------------|
| Operation|   Functional Unit   |
|----------|---------------------|
| nbreadreq| tmp_nbreadreq_fu_42 |
|----------|---------------------|
|   read   |   empty_read_fu_54  |
|----------|---------------------|
|   write  |   grp_write_fu_64   |
|----------|---------------------|
|          |   tmp_data_V_fu_77  |
|extractvalue|   tmp_strb_V_fu_81  |
|          |   tmp_last_V_fu_85  |
|----------|---------------------|
|   Total  |                     |
|----------|---------------------|

Memories:
N/A

* Register list:
+------------------+--------+
|                  |   FF   |
+------------------+--------+
| tmp_data_V_reg_93|   32   |
|tmp_last_V_reg_103|    1   |
|    tmp_reg_89    |    1   |
| tmp_strb_V_reg_98|    4   |
+------------------+--------+
|       Total      |   38   |
+------------------+--------+

* Multiplexer (MUX) list: 
|--------|------|------|------|--------|
|  Comp  |  Pin | Size |  BW  | S x BW |
|--------|------|------|------|--------|
|  Total |      |      |      |    0   |
|--------|------|------|------|--------|



* Summary:
+-----------+--------+
|           |   FF   |
+-----------+--------+
|  Function |    -   |
|   Memory  |    -   |
|Multiplexer|    -   |
|  Register |   38   |
+-----------+--------+
|   Total   |   38   |
+-----------+--------+
