

================================================================
== Vivado HLS Report for 'my_ip_hls'
================================================================
* Date:           Wed May 29 09:54:39 2019

* Version:        2017.4 (Build 2086221 on Fri Dec 15 21:13:33 MST 2017)
* Project:        my_ip_hls
* Solution:       solution1
* Product family: zynq
* Target device:  xc7z045ffg900-2


================================================================
== Performance Estimates
================================================================
+ Timing (ns): 
    * Summary: 
    +--------+-------+----------+------------+
    |  Clock | Target| Estimated| Uncertainty|
    +--------+-------+----------+------------+
    |ap_clk  |  10.00|      6.80|        1.25|
    +--------+-------+----------+------------+

+ Latency (clock cycles): 
    * Summary: 
    +-----+-----+-----+-----+----------+
    |  Latency  |  Interval | Pipeline |
    | min | max | min | max |   Type   |
    +-----+-----+-----+-----+----------+
    |    6|    6|    1|    1| dataflow |
    +-----+-----+-----+-----+----------+

    + Detail: 
        * Instance: 
        N/A

        * Loop: 
        N/A

============================================================
+ Verbose Summary: Synthesis Manager
============================================================
InlineROM: 1
ExposeGlobal: 0
============================================================
+ Verbose Summary: CDFG Model
============================================================
IsTopModel: 1
ResetActiveHigh: 1
IsCombinational: 2
IsDatapathOnly: 0
HasWiredReturn: 1
HasMFsm: 0
HasVarLatency: 1
IsPipeline: 0
IsRtlPipelined: 0
IsInstanceOverlapped: 0
IsDontTouch: 0
HasImplIP: 0
IsGatedGlobalClock: 0


============================================================
+ Verbose Summary: Schedule
============================================================
* Number of FSM states : 8
* Pipeline : 0
* Dataflow Pipeline: 1
  DF-Pipeline-0: Size = 8, States = { 1 2 3 4 5 6 7 8 }

* FSM state transitions: 
1 --> 
	2  / true
2 --> 
	3  / true
3 --> 
	4  / true
4 --> 
	5  / true
5 --> 
	6  / true
6 --> 
	7  / true
7 --> 
	8  / true
8 --> 

* FSM state operations: 

 <State 1> : 4.40ns
ST_1 : Operation 9 [1/1] (1.00ns)   --->   "%rule2_V_read = call i32 @_ssdm_op_Read.s_axilite.i32(i32 %rule2_V)"   --->   Core 10 's_axilite' <Latency = 0> <II = 1> <Delay = 1.00> <Adapter> <Opcode : 'read' 'write'>
ST_1 : Operation 10 [1/1] (1.00ns)   --->   "%rule1_V_read = call i32 @_ssdm_op_Read.s_axilite.i32(i32 %rule1_V)"   --->   Core 10 's_axilite' <Latency = 0> <II = 1> <Delay = 1.00> <Adapter> <Opcode : 'read' 'write'>
ST_1 : Operation 11 [1/1] (1.00ns)   --->   "%rule0_V_read = call i32 @_ssdm_op_Read.s_axilite.i32(i32 %rule0_V)"   --->   Core 10 's_axilite' <Latency = 0> <II = 1> <Delay = 1.00> <Adapter> <Opcode : 'read' 'write'>
ST_1 : Operation 12 [1/1] (0.00ns)   --->   "%rule2_V_c3 = alloca i32, align 4"   --->   Core 32 'FIFO' <Latency = 0> <II = 1> <Delay = 3.40> <Storage> <Opcode : 'read' 'write' 'nbread' 'nbwrite'> <Ports = 0> <Width = 32> <Depth = 1> <FIFO>
ST_1 : Operation 13 [1/1] (0.00ns)   --->   "%rule1_V_c2 = alloca i32, align 4"   --->   Core 32 'FIFO' <Latency = 0> <II = 1> <Delay = 3.40> <Storage> <Opcode : 'read' 'write' 'nbread' 'nbwrite'> <Ports = 0> <Width = 32> <Depth = 1> <FIFO>
ST_1 : Operation 14 [1/1] (0.00ns)   --->   "%rule0_V_c1 = alloca i32, align 4"   --->   Core 32 'FIFO' <Latency = 0> <II = 1> <Delay = 3.40> <Storage> <Opcode : 'read' 'write' 'nbread' 'nbwrite'> <Ports = 0> <Width = 32> <Depth = 1> <FIFO>
ST_1 : Operation 15 [1/1] (0.00ns)   --->   "%rule2_V_c = alloca i32, align 4"   --->   Core 32 'FIFO' <Latency = 0> <II = 1> <Delay = 3.40> <Storage> <Opcode : 'read' 'write' 'nbread' 'nbwrite'> <Ports = 0> <Width = 32> <Depth = 1> <FIFO>
ST_1 : Operation 16 [1/1] (0.00ns)   --->   "%rule1_V_c = alloca i32, align 4"   --->   Core 32 'FIFO' <Latency = 0> <II = 1> <Delay = 3.40> <Storage> <Opcode : 'read' 'write' 'nbread' 'nbwrite'> <Ports = 0> <Width = 32> <Depth = 1> <FIFO>
ST_1 : Operation 17 [1/1] (0.00ns)   --->   "%rule0_V_c = alloca i32, align 4"   --->   Core 32 'FIFO' <Latency = 0> <II = 1> <Delay = 3.40> <Storage> <Opcode : 'read' 'write' 'nbread' 'nbwrite'> <Ports = 0> <Width = 32> <Depth = 1> <FIFO>
ST_1 : Operation 18 [1/1] (3.40ns)   --->   "call void @my_ip_hls.entry3(i32 %rule0_V_read, i32 %rule1_V_read, i32 %rule2_V_read, i32* %rule0_V_c1, i32* %rule1_V_c2, i32* %rule2_V_c3)"   --->   Core 0 '' <Latency = 0> <II = 1> <Delay = 1.00> <Generic> <Opcode : >
ST_1 : Operation 19 [2/2] (0.00ns)   --->   "call fastcc void @ps2ip_fifo(i32* %slaveIn_V_data_V, i4* %slaveIn_V_strb_V, i1* %slaveIn_V_last_V)" [my_ip_hls/my_ip_hls.cpp:43]   --->   Core 0 '' <Latency = 0> <II = 1> <Delay = 1.00> <Generic> <Opcode : >

 <State 2> : 0.00ns
ST_2 : Operation 20 [1/1] (0.00ns)   --->   "call fastcc void @my_ip_hls.entry83(i32* nocapture %rule0_V_c1, i32* nocapture %rule1_V_c2, i32* nocapture %rule2_V_c3, i32* %rule0_V_c, i32* %rule1_V_c, i32* %rule2_V_c)"   --->   Core 0 '' <Latency = 0> <II = 1> <Delay = 1.00> <Generic> <Opcode : >
ST_2 : Operation 21 [1/2] (0.00ns)   --->   "call fastcc void @ps2ip_fifo(i32* %slaveIn_V_data_V, i4* %slaveIn_V_strb_V, i1* %slaveIn_V_last_V)" [my_ip_hls/my_ip_hls.cpp:43]   --->   Core 0 '' <Latency = 0> <II = 1> <Delay = 1.00> <Generic> <Opcode : >

 <State 3> : 2.14ns
ST_3 : Operation 22 [1/1] (0.00ns)   --->   "%call_ret = call fastcc { i32, i32, i32 } @rules_in(i32* %rule0_V_c, i32* %rule1_V_c, i32* %rule2_V_c)" [my_ip_hls/my_ip_hls.cpp:40]   --->   Core 0 '' <Latency = 0> <II = 1> <Delay = 1.00> <Generic> <Opcode : >
ST_3 : Operation 23 [1/1] (0.00ns)   --->   "%rule0Reg_V_channel = extractvalue { i32, i32, i32 } %call_ret, 0" [my_ip_hls/my_ip_hls.cpp:40]   --->   Core 32 'FIFO' <Latency = 0> <II = 1> <Delay = 3.40> <Storage> <Opcode : 'read' 'write' 'nbread' 'nbwrite'> <Ports = 0> <Width = 32> <Depth = 1> <FIFO>
ST_3 : Operation 24 [1/1] (0.00ns)   --->   "%rule1Reg_V_channel = extractvalue { i32, i32, i32 } %call_ret, 1" [my_ip_hls/my_ip_hls.cpp:40]   --->   Core 32 'FIFO' <Latency = 0> <II = 1> <Delay = 3.40> <Storage> <Opcode : 'read' 'write' 'nbread' 'nbwrite'> <Ports = 0> <Width = 32> <Depth = 1> <FIFO>
ST_3 : Operation 25 [1/1] (0.00ns)   --->   "%rule2Reg_V_channel = extractvalue { i32, i32, i32 } %call_ret, 2" [my_ip_hls/my_ip_hls.cpp:40]   --->   Core 32 'FIFO' <Latency = 0> <II = 1> <Delay = 3.40> <Storage> <Opcode : 'read' 'write' 'nbread' 'nbwrite'> <Ports = 0> <Width = 32> <Depth = 1> <FIFO>
ST_3 : Operation 26 [2/2] (2.14ns)   --->   "%core_ret = call fastcc { i32, i32, i32 } @core(i32 %rule0Reg_V_channel, i32 %rule1Reg_V_channel, i32 %rule2Reg_V_channel)" [my_ip_hls/my_ip_hls.cpp:40]   --->   Core 0 '' <Latency = 0> <II = 1> <Delay = 1.00> <Generic> <Opcode : >

 <State 4> : 0.00ns
ST_4 : Operation 27 [1/2] (0.00ns)   --->   "%core_ret = call fastcc { i32, i32, i32 } @core(i32 %rule0Reg_V_channel, i32 %rule1Reg_V_channel, i32 %rule2Reg_V_channel)" [my_ip_hls/my_ip_hls.cpp:40]   --->   Core 0 '' <Latency = 0> <II = 1> <Delay = 1.00> <Generic> <Opcode : >
ST_4 : Operation 28 [1/1] (0.00ns)   --->   "%cnt0Reg_V = extractvalue { i32, i32, i32 } %core_ret, 0" [my_ip_hls/my_ip_hls.cpp:40]   --->   Core 32 'FIFO' <Latency = 0> <II = 1> <Delay = 3.40> <Storage> <Opcode : 'read' 'write' 'nbread' 'nbwrite'> <Ports = 0> <Width = 32> <Depth = 1> <FIFO>
ST_4 : Operation 29 [1/1] (0.00ns)   --->   "%cnt1Reg_V = extractvalue { i32, i32, i32 } %core_ret, 1" [my_ip_hls/my_ip_hls.cpp:40]   --->   Core 32 'FIFO' <Latency = 0> <II = 1> <Delay = 3.40> <Storage> <Opcode : 'read' 'write' 'nbread' 'nbwrite'> <Ports = 0> <Width = 32> <Depth = 1> <FIFO>
ST_4 : Operation 30 [1/1] (0.00ns)   --->   "%cnt2Reg_V = extractvalue { i32, i32, i32 } %core_ret, 2" [my_ip_hls/my_ip_hls.cpp:40]   --->   Core 32 'FIFO' <Latency = 0> <II = 1> <Delay = 3.40> <Storage> <Opcode : 'read' 'write' 'nbread' 'nbwrite'> <Ports = 0> <Width = 32> <Depth = 1> <FIFO>
ST_4 : Operation 31 [1/1] (0.00ns)   --->   "call fastcc void @counters_out(i32 %cnt0Reg_V, i32 %cnt1Reg_V, i32 %cnt2Reg_V, i32* %rule0cnt_V, i32* %rule1cnt_V, i32* %rule2cnt_V)" [my_ip_hls/my_ip_hls.cpp:40]   --->   Core 0 '' <Latency = 0> <II = 1> <Delay = 1.00> <Generic> <Opcode : >

 <State 5> : 0.00ns
ST_5 : Operation 32 [3/3] (0.00ns)   --->   "call fastcc void @ip2ps_fifo(i32* %masterOut_V_data_V, i4* %masterOut_V_strb_V, i1* %masterOut_V_last_V)" [my_ip_hls/my_ip_hls.cpp:47]   --->   Core 0 '' <Latency = 0> <II = 1> <Delay = 1.00> <Generic> <Opcode : >

 <State 6> : 3.40ns
ST_6 : Operation 33 [2/3] (3.40ns)   --->   "call fastcc void @ip2ps_fifo(i32* %masterOut_V_data_V, i4* %masterOut_V_strb_V, i1* %masterOut_V_last_V)" [my_ip_hls/my_ip_hls.cpp:47]   --->   Core 0 '' <Latency = 0> <II = 1> <Delay = 1.00> <Generic> <Opcode : >

 <State 7> : 0.00ns
ST_7 : Operation 34 [1/3] (0.00ns)   --->   "call fastcc void @ip2ps_fifo(i32* %masterOut_V_data_V, i4* %masterOut_V_strb_V, i1* %masterOut_V_last_V)" [my_ip_hls/my_ip_hls.cpp:47]   --->   Core 0 '' <Latency = 0> <II = 1> <Delay = 1.00> <Generic> <Opcode : >

 <State 8> : 0.00ns
ST_8 : Operation 35 [1/1] (0.00ns)   --->   "call void (...)* @_ssdm_op_SpecDataflowPipeline(i32 -1, [1 x i8]* @p_str7) nounwind" [my_ip_hls/my_ip_hls.cpp:9]
ST_8 : Operation 36 [1/1] (0.00ns)   --->   "%empty = call i32 (...)* @_ssdm_op_SpecChannel([19 x i8]* @ip2psFifo_OC_V_OC_da, i32 1, [1 x i8]* @p_str, [1 x i8]* @p_str, i32 64, i32 64, i32* @ip2psFifo_V_data_V, i32* @ip2psFifo_V_data_V)"
ST_8 : Operation 37 [1/1] (0.00ns)   --->   "call void (...)* @_ssdm_op_SpecInterface(i32* @ip2psFifo_V_data_V, [8 x i8]* @ap_fifo_str, i32 0, i32 0, [1 x i8]* @p_str, i32 0, i32 0, [1 x i8]* @p_str, [1 x i8]* @p_str, [1 x i8]* @p_str, i32 2, i32 2, i32 16, i32 16, [1 x i8]* @p_str, [1 x i8]* @p_str)"
ST_8 : Operation 38 [1/1] (0.00ns)   --->   "%empty_5 = call i32 (...)* @_ssdm_op_SpecChannel([19 x i8]* @ip2psFifo_OC_V_OC_la, i32 1, [1 x i8]* @p_str, [1 x i8]* @p_str, i32 64, i32 64, i1* @ip2psFifo_V_last_V, i1* @ip2psFifo_V_last_V)"
ST_8 : Operation 39 [1/1] (0.00ns)   --->   "call void (...)* @_ssdm_op_SpecInterface(i1* @ip2psFifo_V_last_V, [8 x i8]* @ap_fifo_str, i32 0, i32 0, [1 x i8]* @p_str, i32 0, i32 0, [1 x i8]* @p_str, [1 x i8]* @p_str, [1 x i8]* @p_str, i32 2, i32 2, i32 16, i32 16, [1 x i8]* @p_str, [1 x i8]* @p_str)"
ST_8 : Operation 40 [1/1] (0.00ns)   --->   "%empty_6 = call i32 (...)* @_ssdm_op_SpecChannel([19 x i8]* @ip2psFifo_OC_V_OC_st, i32 1, [1 x i8]* @p_str, [1 x i8]* @p_str, i32 64, i32 64, i4* @ip2psFifo_V_strb_V, i4* @ip2psFifo_V_strb_V)"
ST_8 : Operation 41 [1/1] (0.00ns)   --->   "call void (...)* @_ssdm_op_SpecInterface(i4* @ip2psFifo_V_strb_V, [8 x i8]* @ap_fifo_str, i32 0, i32 0, [1 x i8]* @p_str, i32 0, i32 0, [1 x i8]* @p_str, [1 x i8]* @p_str, [1 x i8]* @p_str, i32 2, i32 2, i32 16, i32 16, [1 x i8]* @p_str, [1 x i8]* @p_str)"
ST_8 : Operation 42 [1/1] (0.00ns)   --->   "%empty_7 = call i32 (...)* @_ssdm_op_SpecChannel([19 x i8]* @ps2ipFifo_OC_V_OC_da, i32 1, [1 x i8]* @p_str, [1 x i8]* @p_str, i32 64, i32 64, i32* @ps2ipFifo_V_data_V, i32* @ps2ipFifo_V_data_V)"
ST_8 : Operation 43 [1/1] (0.00ns)   --->   "call void (...)* @_ssdm_op_SpecInterface(i32* @ps2ipFifo_V_data_V, [8 x i8]* @ap_fifo_str, i32 0, i32 0, [1 x i8]* @p_str, i32 0, i32 0, [1 x i8]* @p_str, [1 x i8]* @p_str, [1 x i8]* @p_str, i32 2, i32 2, i32 16, i32 16, [1 x i8]* @p_str, [1 x i8]* @p_str)"
ST_8 : Operation 44 [1/1] (0.00ns)   --->   "%empty_8 = call i32 (...)* @_ssdm_op_SpecChannel([19 x i8]* @ps2ipFifo_OC_V_OC_la, i32 1, [1 x i8]* @p_str, [1 x i8]* @p_str, i32 64, i32 64, i1* @ps2ipFifo_V_last_V, i1* @ps2ipFifo_V_last_V)"
ST_8 : Operation 45 [1/1] (0.00ns)   --->   "call void (...)* @_ssdm_op_SpecInterface(i1* @ps2ipFifo_V_last_V, [8 x i8]* @ap_fifo_str, i32 0, i32 0, [1 x i8]* @p_str, i32 0, i32 0, [1 x i8]* @p_str, [1 x i8]* @p_str, [1 x i8]* @p_str, i32 2, i32 2, i32 16, i32 16, [1 x i8]* @p_str, [1 x i8]* @p_str)"
ST_8 : Operation 46 [1/1] (0.00ns)   --->   "%empty_9 = call i32 (...)* @_ssdm_op_SpecChannel([19 x i8]* @ps2ipFifo_OC_V_OC_st, i32 1, [1 x i8]* @p_str, [1 x i8]* @p_str, i32 64, i32 64, i4* @ps2ipFifo_V_strb_V, i4* @ps2ipFifo_V_strb_V)"
ST_8 : Operation 47 [1/1] (0.00ns)   --->   "call void (...)* @_ssdm_op_SpecInterface(i4* @ps2ipFifo_V_strb_V, [8 x i8]* @ap_fifo_str, i32 0, i32 0, [1 x i8]* @p_str, i32 0, i32 0, [1 x i8]* @p_str, [1 x i8]* @p_str, [1 x i8]* @p_str, i32 2, i32 2, i32 16, i32 16, [1 x i8]* @p_str, [1 x i8]* @p_str)"
ST_8 : Operation 48 [1/1] (0.00ns)   --->   "call void (...)* @_ssdm_op_SpecBitsMap(i32* %slaveIn_V_data_V), !map !71"
ST_8 : Operation 49 [1/1] (0.00ns)   --->   "call void (...)* @_ssdm_op_SpecBitsMap(i4* %slaveIn_V_strb_V), !map !75"
ST_8 : Operation 50 [1/1] (0.00ns)   --->   "call void (...)* @_ssdm_op_SpecBitsMap(i1* %slaveIn_V_last_V), !map !79"
ST_8 : Operation 51 [1/1] (0.00ns)   --->   "call void (...)* @_ssdm_op_SpecBitsMap(i32* %masterOut_V_data_V), !map !83"
ST_8 : Operation 52 [1/1] (0.00ns)   --->   "call void (...)* @_ssdm_op_SpecBitsMap(i4* %masterOut_V_strb_V), !map !87"
ST_8 : Operation 53 [1/1] (0.00ns)   --->   "call void (...)* @_ssdm_op_SpecBitsMap(i1* %masterOut_V_last_V), !map !91"
ST_8 : Operation 54 [1/1] (0.00ns)   --->   "call void (...)* @_ssdm_op_SpecBitsMap(i32 %rule0_V), !map !95"
ST_8 : Operation 55 [1/1] (0.00ns)   --->   "call void (...)* @_ssdm_op_SpecBitsMap(i32 %rule1_V), !map !101"
ST_8 : Operation 56 [1/1] (0.00ns)   --->   "call void (...)* @_ssdm_op_SpecBitsMap(i32 %rule2_V), !map !105"
ST_8 : Operation 57 [1/1] (0.00ns)   --->   "call void (...)* @_ssdm_op_SpecBitsMap(i32* %rule0cnt_V), !map !109"
ST_8 : Operation 58 [1/1] (0.00ns)   --->   "call void (...)* @_ssdm_op_SpecBitsMap(i32* %rule1cnt_V), !map !113"
ST_8 : Operation 59 [1/1] (0.00ns)   --->   "call void (...)* @_ssdm_op_SpecBitsMap(i32* %rule2cnt_V), !map !117"
ST_8 : Operation 60 [1/1] (0.00ns)   --->   "call void (...)* @_ssdm_op_SpecTopModule([10 x i8]* @my_ip_hls_str) nounwind"
ST_8 : Operation 61 [1/1] (0.00ns)   --->   "call void (...)* @_ssdm_op_SpecInterface(i32* %slaveIn_V_data_V, i4* %slaveIn_V_strb_V, i1* %slaveIn_V_last_V, [5 x i8]* @p_str1, i32 1, i32 1, [5 x i8]* @p_str2, i32 0, i32 0, [1 x i8]* @p_str7, [1 x i8]* @p_str7, [1 x i8]* @p_str7, i32 0, i32 0, i32 0, i32 0, [1 x i8]* @p_str7, [1 x i8]* @p_str7) nounwind" [my_ip_hls/my_ip_hls.cpp:10]
ST_8 : Operation 62 [1/1] (0.00ns)   --->   "call void (...)* @_ssdm_op_SpecInterface(i32* %masterOut_V_data_V, i4* %masterOut_V_strb_V, i1* %masterOut_V_last_V, [5 x i8]* @p_str1, i32 1, i32 1, [5 x i8]* @p_str2, i32 0, i32 0, [1 x i8]* @p_str7, [1 x i8]* @p_str7, [1 x i8]* @p_str7, i32 0, i32 0, i32 0, i32 0, [1 x i8]* @p_str7, [1 x i8]* @p_str7) nounwind" [my_ip_hls/my_ip_hls.cpp:11]
ST_8 : Operation 63 [1/1] (0.00ns)   --->   "call void (...)* @_ssdm_op_SpecInterface(i32 0, [13 x i8]* @p_str3, i32 0, i32 0, [1 x i8]* @p_str7, i32 0, i32 0, [1 x i8]* @p_str7, [1 x i8]* @p_str7, [1 x i8]* @p_str7, i32 0, i32 0, i32 0, i32 0, [1 x i8]* @p_str7, [1 x i8]* @p_str7) nounwind" [my_ip_hls/my_ip_hls.cpp:12]
ST_8 : Operation 64 [1/1] (0.00ns)   --->   "call void (...)* @_ssdm_op_SpecInterface(i32 %rule0_V, [10 x i8]* @p_str4, i32 0, i32 0, [1 x i8]* @p_str7, i32 0, i32 0, [10 x i8]* @p_str5, [1 x i8]* @p_str7, [1 x i8]* @p_str7, i32 0, i32 0, i32 0, i32 0, [1 x i8]* @p_str7, [1 x i8]* @p_str7) nounwind" [my_ip_hls/my_ip_hls.cpp:18]
ST_8 : Operation 65 [1/1] (0.00ns)   --->   "call void (...)* @_ssdm_op_SpecInterface(i32 %rule1_V, [10 x i8]* @p_str4, i32 0, i32 0, [1 x i8]* @p_str7, i32 0, i32 0, [10 x i8]* @p_str5, [1 x i8]* @p_str7, [1 x i8]* @p_str7, i32 0, i32 0, i32 0, i32 0, [1 x i8]* @p_str7, [1 x i8]* @p_str7) nounwind" [my_ip_hls/my_ip_hls.cpp:19]
ST_8 : Operation 66 [1/1] (0.00ns)   --->   "call void (...)* @_ssdm_op_SpecInterface(i32 %rule2_V, [10 x i8]* @p_str4, i32 0, i32 0, [1 x i8]* @p_str7, i32 0, i32 0, [10 x i8]* @p_str5, [1 x i8]* @p_str7, [1 x i8]* @p_str7, i32 0, i32 0, i32 0, i32 0, [1 x i8]* @p_str7, [1 x i8]* @p_str7) nounwind" [my_ip_hls/my_ip_hls.cpp:20]
ST_8 : Operation 67 [1/1] (0.00ns)   --->   "call void (...)* @_ssdm_op_SpecInterface(i32* %rule0cnt_V, [10 x i8]* @p_str4, i32 0, i32 0, [1 x i8]* @p_str7, i32 0, i32 0, [10 x i8]* @p_str5, [1 x i8]* @p_str7, [1 x i8]* @p_str7, i32 0, i32 0, i32 0, i32 0, [1 x i8]* @p_str7, [1 x i8]* @p_str7) nounwind" [my_ip_hls/my_ip_hls.cpp:22]
ST_8 : Operation 68 [1/1] (0.00ns)   --->   "call void (...)* @_ssdm_op_SpecInterface(i32* %rule1cnt_V, [10 x i8]* @p_str4, i32 0, i32 0, [1 x i8]* @p_str7, i32 0, i32 0, [10 x i8]* @p_str5, [1 x i8]* @p_str7, [1 x i8]* @p_str7, i32 0, i32 0, i32 0, i32 0, [1 x i8]* @p_str7, [1 x i8]* @p_str7) nounwind" [my_ip_hls/my_ip_hls.cpp:23]
ST_8 : Operation 69 [1/1] (0.00ns)   --->   "call void (...)* @_ssdm_op_SpecInterface(i32* %rule2cnt_V, [10 x i8]* @p_str4, i32 0, i32 0, [1 x i8]* @p_str7, i32 0, i32 0, [10 x i8]* @p_str5, [1 x i8]* @p_str7, [1 x i8]* @p_str7, i32 0, i32 0, i32 0, i32 0, [1 x i8]* @p_str7, [1 x i8]* @p_str7) nounwind" [my_ip_hls/my_ip_hls.cpp:24]
ST_8 : Operation 70 [1/1] (0.00ns)   --->   "%empty_10 = call i32 (...)* @_ssdm_op_SpecChannel([10 x i8]* @rule0_OC_V_c_str, i32 1, [1 x i8]* @p_str, [1 x i8]* @p_str, i32 1, i32 0, i32* %rule0_V_c, i32* %rule0_V_c)"
ST_8 : Operation 71 [1/1] (0.00ns)   --->   "call void (...)* @_ssdm_op_SpecInterface(i32* %rule0_V_c, [8 x i8]* @ap_fifo_str, i32 0, i32 0, [1 x i8]* @p_str, i32 0, i32 0, [1 x i8]* @p_str, [1 x i8]* @p_str, [1 x i8]* @p_str, i32 2, i32 2, i32 16, i32 16, [1 x i8]* @p_str, [1 x i8]* @p_str)"
ST_8 : Operation 72 [1/1] (0.00ns)   --->   "%empty_11 = call i32 (...)* @_ssdm_op_SpecChannel([10 x i8]* @rule1_OC_V_c_str, i32 1, [1 x i8]* @p_str, [1 x i8]* @p_str, i32 1, i32 0, i32* %rule1_V_c, i32* %rule1_V_c)"
ST_8 : Operation 73 [1/1] (0.00ns)   --->   "call void (...)* @_ssdm_op_SpecInterface(i32* %rule1_V_c, [8 x i8]* @ap_fifo_str, i32 0, i32 0, [1 x i8]* @p_str, i32 0, i32 0, [1 x i8]* @p_str, [1 x i8]* @p_str, [1 x i8]* @p_str, i32 2, i32 2, i32 16, i32 16, [1 x i8]* @p_str, [1 x i8]* @p_str)"
ST_8 : Operation 74 [1/1] (0.00ns)   --->   "%empty_12 = call i32 (...)* @_ssdm_op_SpecChannel([10 x i8]* @rule2_OC_V_c_str, i32 1, [1 x i8]* @p_str, [1 x i8]* @p_str, i32 1, i32 0, i32* %rule2_V_c, i32* %rule2_V_c)"
ST_8 : Operation 75 [1/1] (0.00ns)   --->   "call void (...)* @_ssdm_op_SpecInterface(i32* %rule2_V_c, [8 x i8]* @ap_fifo_str, i32 0, i32 0, [1 x i8]* @p_str, i32 0, i32 0, [1 x i8]* @p_str, [1 x i8]* @p_str, [1 x i8]* @p_str, i32 2, i32 2, i32 16, i32 16, [1 x i8]* @p_str, [1 x i8]* @p_str)"
ST_8 : Operation 76 [1/1] (0.00ns)   --->   "%empty_13 = call i32 (...)* @_ssdm_op_SpecChannel([11 x i8]* @rule0_OC_V_c1_str, i32 1, [1 x i8]* @p_str, [1 x i8]* @p_str, i32 1, i32 0, i32* %rule0_V_c1, i32* %rule0_V_c1)"
ST_8 : Operation 77 [1/1] (0.00ns)   --->   "call void (...)* @_ssdm_op_SpecInterface(i32* %rule0_V_c1, [8 x i8]* @ap_fifo_str, i32 0, i32 0, [1 x i8]* @p_str, i32 0, i32 0, [1 x i8]* @p_str, [1 x i8]* @p_str, [1 x i8]* @p_str, i32 2, i32 2, i32 16, i32 16, [1 x i8]* @p_str, [1 x i8]* @p_str)"
ST_8 : Operation 78 [1/1] (0.00ns)   --->   "%empty_14 = call i32 (...)* @_ssdm_op_SpecChannel([11 x i8]* @rule1_OC_V_c2_str, i32 1, [1 x i8]* @p_str, [1 x i8]* @p_str, i32 1, i32 0, i32* %rule1_V_c2, i32* %rule1_V_c2)"
ST_8 : Operation 79 [1/1] (0.00ns)   --->   "call void (...)* @_ssdm_op_SpecInterface(i32* %rule1_V_c2, [8 x i8]* @ap_fifo_str, i32 0, i32 0, [1 x i8]* @p_str, i32 0, i32 0, [1 x i8]* @p_str, [1 x i8]* @p_str, [1 x i8]* @p_str, i32 2, i32 2, i32 16, i32 16, [1 x i8]* @p_str, [1 x i8]* @p_str)"
ST_8 : Operation 80 [1/1] (0.00ns)   --->   "%empty_15 = call i32 (...)* @_ssdm_op_SpecChannel([11 x i8]* @rule2_OC_V_c3_str, i32 1, [1 x i8]* @p_str, [1 x i8]* @p_str, i32 1, i32 0, i32* %rule2_V_c3, i32* %rule2_V_c3)"
ST_8 : Operation 81 [1/1] (0.00ns)   --->   "call void (...)* @_ssdm_op_SpecInterface(i32* %rule2_V_c3, [8 x i8]* @ap_fifo_str, i32 0, i32 0, [1 x i8]* @p_str, i32 0, i32 0, [1 x i8]* @p_str, [1 x i8]* @p_str, [1 x i8]* @p_str, i32 2, i32 2, i32 16, i32 16, [1 x i8]* @p_str, [1 x i8]* @p_str)"
ST_8 : Operation 82 [1/1] (0.00ns)   --->   "ret void" [my_ip_hls/my_ip_hls.cpp:51]


============================================================
+ Verbose Summary: Timing violations
============================================================
Target clock period: 10ns, clock uncertainty: 1.25ns.

 <State 1>: 4.4ns
The critical path consists of the following:
	s_axi read on port 'rule2_V' [22]  (1 ns)
	'call' operation to 'my_ip_hls.entry3' [78]  (3.4 ns)

 <State 2>: 0ns
The critical path consists of the following:

 <State 3>: 2.14ns
The critical path consists of the following:
	'call' operation ('call_ret', my_ip_hls/my_ip_hls.cpp:40) to 'rules_in' [80]  (0 ns)
	'call' operation ('core_ret', my_ip_hls/my_ip_hls.cpp:40) to 'core' [85]  (2.14 ns)

 <State 4>: 0ns
The critical path consists of the following:

 <State 5>: 0ns
The critical path consists of the following:

 <State 6>: 3.4ns
The critical path consists of the following:
	'call' operation (my_ip_hls/my_ip_hls.cpp:47) to 'ip2ps_fifo' [89]  (3.4 ns)

 <State 7>: 0ns
The critical path consists of the following:

 <State 8>: 0ns
The critical path consists of the following:


============================================================
+ Verbose Summary: Binding
============================================================
N/A
* FSMD analyzer results:
  - Output states:
 - Input state : 
  - Chain level:
	State 1
	State 2
	State 3
	State 4
	State 5
	State 6
	State 7
	State 8


============================================================
+ Verbose Summary: Datapath Resource usage 
============================================================
N/A
