

================================================================
== Vivado HLS Report for 'core'
================================================================
* Date:           Wed Apr  3 17:22:43 2019

* Version:        2017.4 (Build 2086221 on Fri Dec 15 21:13:33 MST 2017)
* Project:        my_ip_hls
* Solution:       solution1
* Product family: zynq
* Target device:  xc7z045ffg900-2


================================================================
== Performance Estimates
================================================================
+ Timing (ns): 
    * Summary: 
    +--------+-------+----------+------------+
    |  Clock | Target| Estimated| Uncertainty|
    +--------+-------+----------+------------+
    |ap_clk  |  10.00|      3.40|        1.25|
    +--------+-------+----------+------------+

+ Latency (clock cycles): 
    * Summary: 
    +-----+-----+-----+-----+----------+
    |  Latency  |  Interval | Pipeline |
    | min | max | min | max |   Type   |
    +-----+-----+-----+-----+----------+
    |    1|    1|    1|    1| function |
    +-----+-----+-----+-----+----------+

    + Detail: 
        * Instance: 
        N/A

        * Loop: 
        N/A

============================================================
+ Verbose Summary: Synthesis Manager
============================================================
InlineROM: 1
ExposeGlobal: 0
============================================================
+ Verbose Summary: CDFG Model
============================================================
IsTopModel: 0
ResetActiveHigh: 1
IsCombinational: 2
IsDatapathOnly: 0
HasWiredReturn: 1
HasMFsm: 1
HasVarLatency: 0
IsPipeline: 1
IsRtlPipelined: 1
IsInstanceOverlapped: 0
IsDontTouch: 0
HasImplIP: 0
IsGatedGlobalClock: 0

+ Individual pipeline summary: 
  * Pipeline-0: initiation interval (II) = 1, depth = 2


============================================================
+ Verbose Summary: Schedule
============================================================
* Number of FSM states : 2
* Pipeline : 1
  Pipeline-0 : II = 1, D = 2, States = { 1 2 }
* Dataflow Pipeline: 0

* FSM state transitions: 
1 --> 
	2  / true
2 --> 

* FSM state operations: 

 <State 1> : 3.40ns
ST_1 : Operation 3 [1/1] (0.00ns)   --->   "%tmp = call i1 @_ssdm_op_NbReadReq.ap_fifo.i32P.i4P.i1P(i32* @ps2ipFifo_V_data_V, i4* @ps2ipFifo_V_strb_V, i1* @ps2ipFifo_V_last_V, i32 1) nounwind" [my_ip_hls/core.cpp:17]   --->   Core 36 'FIFO_SRL' <Latency = 0> <II = 1> <Delay = 3.40> <Storage> <Opcode : 'read' 'write' 'nbread' 'nbwrite'> <Ports = 0> <Width = 32> <Depth = 0> <FIFO>
ST_1 : Operation 4 [1/1] (0.00ns)   --->   "br i1 %tmp, label %0, label %core.exit" [my_ip_hls/core.cpp:17]
ST_1 : Operation 5 [1/1] (3.40ns)   --->   "%empty = call { i32, i4, i1 } @_ssdm_op_Read.ap_fifo.volatile.i32P.i4P.i1P(i32* @ps2ipFifo_V_data_V, i4* @ps2ipFifo_V_strb_V, i1* @ps2ipFifo_V_last_V) nounwind" [my_ip_hls/core.cpp:18]   --->   Core 36 'FIFO_SRL' <Latency = 0> <II = 1> <Delay = 3.40> <Storage> <Opcode : 'read' 'write' 'nbread' 'nbwrite'> <Ports = 0> <Width = 32> <Depth = 0> <FIFO>
ST_1 : Operation 6 [1/1] (0.00ns)   --->   "%tmp_data_V = extractvalue { i32, i4, i1 } %empty, 0" [my_ip_hls/core.cpp:18]
ST_1 : Operation 7 [1/1] (0.00ns)   --->   "%tmp_strb_V = extractvalue { i32, i4, i1 } %empty, 1" [my_ip_hls/core.cpp:18]
ST_1 : Operation 8 [1/1] (0.00ns)   --->   "%tmp_last_V = extractvalue { i32, i4, i1 } %empty, 2" [my_ip_hls/core.cpp:18]

 <State 2> : 3.40ns
ST_2 : Operation 9 [1/1] (0.00ns)   --->   "call void (...)* @_ssdm_op_SpecInterface(i32* @ip2psFifo_V_data_V, [8 x i8]* @ap_fifo_str, i32 0, i32 0, [1 x i8]* @p_str, i32 0, i32 0, [1 x i8]* @p_str, [1 x i8]* @p_str, [1 x i8]* @p_str, i32 2, i32 2, i32 16, i32 16, [1 x i8]* @p_str, [1 x i8]* @p_str)"
ST_2 : Operation 10 [1/1] (0.00ns)   --->   "call void (...)* @_ssdm_op_SpecInterface(i1* @ip2psFifo_V_last_V, [8 x i8]* @ap_fifo_str, i32 0, i32 0, [1 x i8]* @p_str, i32 0, i32 0, [1 x i8]* @p_str, [1 x i8]* @p_str, [1 x i8]* @p_str, i32 2, i32 2, i32 16, i32 16, [1 x i8]* @p_str, [1 x i8]* @p_str)"
ST_2 : Operation 11 [1/1] (0.00ns)   --->   "call void (...)* @_ssdm_op_SpecInterface(i4* @ip2psFifo_V_strb_V, [8 x i8]* @ap_fifo_str, i32 0, i32 0, [1 x i8]* @p_str, i32 0, i32 0, [1 x i8]* @p_str, [1 x i8]* @p_str, [1 x i8]* @p_str, i32 2, i32 2, i32 16, i32 16, [1 x i8]* @p_str, [1 x i8]* @p_str)"
ST_2 : Operation 12 [1/1] (0.00ns)   --->   "call void (...)* @_ssdm_op_SpecInterface(i32* @ps2ipFifo_V_data_V, [8 x i8]* @ap_fifo_str, i32 0, i32 0, [1 x i8]* @p_str, i32 0, i32 0, [1 x i8]* @p_str, [1 x i8]* @p_str, [1 x i8]* @p_str, i32 2, i32 2, i32 16, i32 16, [1 x i8]* @p_str, [1 x i8]* @p_str)"
ST_2 : Operation 13 [1/1] (0.00ns)   --->   "call void (...)* @_ssdm_op_SpecInterface(i1* @ps2ipFifo_V_last_V, [8 x i8]* @ap_fifo_str, i32 0, i32 0, [1 x i8]* @p_str, i32 0, i32 0, [1 x i8]* @p_str, [1 x i8]* @p_str, [1 x i8]* @p_str, i32 2, i32 2, i32 16, i32 16, [1 x i8]* @p_str, [1 x i8]* @p_str)"
ST_2 : Operation 14 [1/1] (0.00ns)   --->   "call void (...)* @_ssdm_op_SpecInterface(i4* @ps2ipFifo_V_strb_V, [8 x i8]* @ap_fifo_str, i32 0, i32 0, [1 x i8]* @p_str, i32 0, i32 0, [1 x i8]* @p_str, [1 x i8]* @p_str, [1 x i8]* @p_str, i32 2, i32 2, i32 16, i32 16, [1 x i8]* @p_str, [1 x i8]* @p_str)"
ST_2 : Operation 15 [1/1] (0.00ns)   --->   "call void (...)* @_ssdm_op_SpecPipeline(i32 1, i32 2, i32 1, i32 0, [1 x i8]* @p_str17) nounwind" [my_ip_hls/core.cpp:5]
ST_2 : Operation 16 [1/1] (0.00ns)   --->   "call void (...)* @_ssdm_op_SpecInterface(i32 0, [13 x i8]* @p_str118, i32 0, i32 0, [1 x i8]* @p_str17, i32 0, i32 0, [1 x i8]* @p_str17, [1 x i8]* @p_str17, [1 x i8]* @p_str17, i32 0, i32 0, i32 0, i32 0, [1 x i8]* @p_str17, [1 x i8]* @p_str17) nounwind" [my_ip_hls/core.cpp:6]
ST_2 : Operation 17 [1/1] (3.40ns)   --->   "call void @_ssdm_op_Write.ap_fifo.volatile.i32P.i4P.i1P(i32* @ip2psFifo_V_data_V, i4* @ip2psFifo_V_strb_V, i1* @ip2psFifo_V_last_V, i32 %tmp_data_V, i4 %tmp_strb_V, i1 %tmp_last_V) nounwind" [my_ip_hls/core.cpp:22]   --->   Core 36 'FIFO_SRL' <Latency = 0> <II = 1> <Delay = 3.40> <Storage> <Opcode : 'read' 'write' 'nbread' 'nbwrite'> <Ports = 0> <Width = 32> <Depth = 0> <FIFO>
ST_2 : Operation 18 [1/1] (0.00ns)   --->   "br label %core.exit" [my_ip_hls/core.cpp:23]
ST_2 : Operation 19 [1/1] (0.00ns)   --->   "ret void"


============================================================
+ Verbose Summary: Binding
============================================================
STG Binding: 
---------------- STG Properties BEGIN ----------------
- Is combinational: 0
- Is one-state seq: 0
- Is datapath-only: 0
- Is pipelined: 1
- Is top level: 0
Port [ Return ] is wired: 1; IO mode=ap_ctrl_none:ce=0
Port [ ps2ipFifo_V_data_V]:  wired=1; compound=1; hidden=0; nouse=0; global=1; static=1; extern=0; dir=0; type=3; pingpong=0; private_global=0; linkage=7; visibility=0; IO mode=ap_fifo:ce=0
Port [ ps2ipFifo_V_strb_V]:  wired=1; compound=1; hidden=0; nouse=0; global=1; static=1; extern=0; dir=0; type=3; pingpong=0; private_global=0; linkage=7; visibility=0; IO mode=ap_fifo:ce=0
Port [ ps2ipFifo_V_last_V]:  wired=1; compound=1; hidden=0; nouse=0; global=1; static=1; extern=0; dir=0; type=3; pingpong=0; private_global=0; linkage=7; visibility=0; IO mode=ap_fifo:ce=0
Port [ ip2psFifo_V_data_V]:  wired=1; compound=1; hidden=0; nouse=0; global=1; static=1; extern=0; dir=1; type=3; pingpong=0; private_global=0; linkage=7; visibility=0; IO mode=ap_fifo:ce=0
Port [ ip2psFifo_V_strb_V]:  wired=1; compound=1; hidden=0; nouse=0; global=1; static=1; extern=0; dir=1; type=3; pingpong=0; private_global=0; linkage=7; visibility=0; IO mode=ap_fifo:ce=0
Port [ ip2psFifo_V_last_V]:  wired=1; compound=1; hidden=0; nouse=0; global=1; static=1; extern=0; dir=1; type=3; pingpong=0; private_global=0; linkage=7; visibility=0; IO mode=ap_fifo:ce=0
---------------- STG Properties END ------------------

---------------- Datapath Model BEGIN ----------------

<LifeTime>
<method=bitvector/>
tmp         (nbreadreq    ) [ 011]
StgValue_4  (br           ) [ 000]
empty       (read         ) [ 000]
tmp_data_V  (extractvalue ) [ 011]
tmp_strb_V  (extractvalue ) [ 011]
tmp_last_V  (extractvalue ) [ 011]
StgValue_9  (specinterface) [ 000]
StgValue_10 (specinterface) [ 000]
StgValue_11 (specinterface) [ 000]
StgValue_12 (specinterface) [ 000]
StgValue_13 (specinterface) [ 000]
StgValue_14 (specinterface) [ 000]
StgValue_15 (specpipeline ) [ 000]
StgValue_16 (specinterface) [ 000]
StgValue_17 (write        ) [ 000]
StgValue_18 (br           ) [ 000]
StgValue_19 (ret          ) [ 000]
</LifeTime>

<model>

<comp_list>
<comp id="0" class="1000" name="ps2ipFifo_V_data_V">
<pin_list>
<pin id="1" dir="1" index="0" bw="1" slack="0"/>
</pin_list>
<bind>
<StgValue><ssdm name="ps2ipFifo_V_data_V"/></StgValue>
</bind>
</comp>

<comp id="2" class="1000" name="ps2ipFifo_V_strb_V">
<pin_list>
<pin id="3" dir="1" index="0" bw="1" slack="0"/>
</pin_list>
<bind>
<StgValue><ssdm name="ps2ipFifo_V_strb_V"/></StgValue>
</bind>
</comp>

<comp id="4" class="1000" name="ps2ipFifo_V_last_V">
<pin_list>
<pin id="5" dir="1" index="0" bw="1" slack="0"/>
</pin_list>
<bind>
<StgValue><ssdm name="ps2ipFifo_V_last_V"/></StgValue>
</bind>
</comp>

<comp id="6" class="1000" name="ip2psFifo_V_data_V">
<pin_list>
<pin id="7" dir="1" index="0" bw="1" slack="0"/>
</pin_list>
<bind>
<StgValue><ssdm name="ip2psFifo_V_data_V"/></StgValue>
</bind>
</comp>

<comp id="8" class="1000" name="ip2psFifo_V_strb_V">
<pin_list>
<pin id="9" dir="1" index="0" bw="1" slack="0"/>
</pin_list>
<bind>
<StgValue><ssdm name="ip2psFifo_V_strb_V"/></StgValue>
</bind>
</comp>

<comp id="10" class="1000" name="ip2psFifo_V_last_V">
<pin_list>
<pin id="11" dir="1" index="0" bw="1" slack="0"/>
</pin_list>
<bind>
<StgValue><ssdm name="ip2psFifo_V_last_V"/></StgValue>
</bind>
</comp>

<comp id="12" class="1001" name="const_12">
<pin_list>
<pin id="13" dir="1" index="0" bw="1" slack="0"/>
</pin_list>
<bind>
<StgValue><ssdm name="_ssdm_op_NbReadReq.ap_fifo.i32P.i4P.i1P"/></StgValue>
</bind>
</comp>

<comp id="14" class="1001" name="const_14">
<pin_list>
<pin id="15" dir="1" index="0" bw="1" slack="0"/>
</pin_list>
<bind>
<StgValue><ssdm name=""/></StgValue>
</bind>
</comp>

<comp id="16" class="1001" name="const_16">
<pin_list>
<pin id="17" dir="1" index="0" bw="1" slack="0"/>
</pin_list>
<bind>
<StgValue><ssdm name="_ssdm_op_Read.ap_fifo.volatile.i32P.i4P.i1P"/></StgValue>
</bind>
</comp>

<comp id="18" class="1001" name="const_18">
<pin_list>
<pin id="19" dir="1" index="0" bw="1" slack="2147483647"/>
</pin_list>
<bind>
<StgValue><ssdm name="_ssdm_op_SpecInterface"/></StgValue>
</bind>
</comp>

<comp id="20" class="1001" name="const_20">
<pin_list>
<pin id="21" dir="1" index="0" bw="1" slack="2147483647"/>
</pin_list>
<bind>
<StgValue><ssdm name="ap_fifo_str"/></StgValue>
</bind>
</comp>

<comp id="22" class="1001" name="const_22">
<pin_list>
<pin id="23" dir="1" index="0" bw="1" slack="2147483647"/>
</pin_list>
<bind>
<StgValue><ssdm name=""/></StgValue>
</bind>
</comp>

<comp id="24" class="1001" name="const_24">
<pin_list>
<pin id="25" dir="1" index="0" bw="1" slack="2147483647"/>
</pin_list>
<bind>
<StgValue><ssdm name="p_str"/></StgValue>
</bind>
</comp>

<comp id="26" class="1001" name="const_26">
<pin_list>
<pin id="27" dir="1" index="0" bw="1" slack="2147483647"/>
</pin_list>
<bind>
<StgValue><ssdm name=""/></StgValue>
</bind>
</comp>

<comp id="28" class="1001" name="const_28">
<pin_list>
<pin id="29" dir="1" index="0" bw="1" slack="2147483647"/>
</pin_list>
<bind>
<StgValue><ssdm name=""/></StgValue>
</bind>
</comp>

<comp id="30" class="1001" name="const_30">
<pin_list>
<pin id="31" dir="1" index="0" bw="1" slack="2147483647"/>
</pin_list>
<bind>
<StgValue><ssdm name="_ssdm_op_SpecPipeline"/></StgValue>
</bind>
</comp>

<comp id="32" class="1001" name="const_32">
<pin_list>
<pin id="33" dir="1" index="0" bw="1" slack="2147483647"/>
</pin_list>
<bind>
<StgValue><ssdm name="p_str17"/></StgValue>
</bind>
</comp>

<comp id="34" class="1001" name="const_34">
<pin_list>
<pin id="35" dir="1" index="0" bw="1" slack="2147483647"/>
</pin_list>
<bind>
<StgValue><ssdm name="p_str118"/></StgValue>
</bind>
</comp>

<comp id="36" class="1001" name="const_36">
<pin_list>
<pin id="37" dir="1" index="0" bw="1" slack="0"/>
</pin_list>
<bind>
<StgValue><ssdm name="_ssdm_op_Write.ap_fifo.volatile.i32P.i4P.i1P"/></StgValue>
</bind>
</comp>

<comp id="38" class="1004" name="tmp_nbreadreq_fu_38">
<pin_list>
<pin id="39" dir="0" index="0" bw="1" slack="0"/>
<pin id="40" dir="0" index="1" bw="32" slack="0"/>
<pin id="41" dir="0" index="2" bw="4" slack="0"/>
<pin id="42" dir="0" index="3" bw="1" slack="0"/>
<pin id="43" dir="0" index="4" bw="1" slack="0"/>
<pin id="44" dir="1" index="5" bw="1" slack="1"/>
</pin_list>
<bind>
<opcode="nbreadreq(1156) " fcode="nbreadreq"/>
<opset="tmp/1 "/>
</bind>
</comp>

<comp id="50" class="1004" name="empty_read_fu_50">
<pin_list>
<pin id="51" dir="0" index="0" bw="37" slack="0"/>
<pin id="52" dir="0" index="1" bw="32" slack="0"/>
<pin id="53" dir="0" index="2" bw="4" slack="0"/>
<pin id="54" dir="0" index="3" bw="1" slack="0"/>
<pin id="55" dir="1" index="4" bw="37" slack="0"/>
</pin_list>
<bind>
<opcode="read(1150) " fcode="read"/>
<opset="empty/1 "/>
</bind>
</comp>

<comp id="60" class="1004" name="StgValue_17_write_fu_60">
<pin_list>
<pin id="61" dir="0" index="0" bw="0" slack="0"/>
<pin id="62" dir="0" index="1" bw="32" slack="0"/>
<pin id="63" dir="0" index="2" bw="4" slack="0"/>
<pin id="64" dir="0" index="3" bw="1" slack="0"/>
<pin id="65" dir="0" index="4" bw="32" slack="1"/>
<pin id="66" dir="0" index="5" bw="4" slack="1"/>
<pin id="67" dir="0" index="6" bw="1" slack="1"/>
<pin id="68" dir="1" index="7" bw="0" slack="2147483647"/>
</pin_list>
<bind>
<opcode="write(1151) " fcode="write"/>
<opset="StgValue_17/2 "/>
</bind>
</comp>

<comp id="73" class="1004" name="tmp_data_V_fu_73">
<pin_list>
<pin id="74" dir="0" index="0" bw="37" slack="0"/>
<pin id="75" dir="1" index="1" bw="32" slack="1"/>
</pin_list>
<bind>
<opcode="extractvalue(56) " fcode="extractvalue"/>
<opset="tmp_data_V/1 "/>
</bind>
</comp>

<comp id="77" class="1004" name="tmp_strb_V_fu_77">
<pin_list>
<pin id="78" dir="0" index="0" bw="37" slack="0"/>
<pin id="79" dir="1" index="1" bw="4" slack="1"/>
</pin_list>
<bind>
<opcode="extractvalue(56) " fcode="extractvalue"/>
<opset="tmp_strb_V/1 "/>
</bind>
</comp>

<comp id="81" class="1004" name="tmp_last_V_fu_81">
<pin_list>
<pin id="82" dir="0" index="0" bw="37" slack="0"/>
<pin id="83" dir="1" index="1" bw="1" slack="1"/>
</pin_list>
<bind>
<opcode="extractvalue(56) " fcode="extractvalue"/>
<opset="tmp_last_V/1 "/>
</bind>
</comp>

<comp id="85" class="1005" name="tmp_reg_85">
<pin_list>
<pin id="86" dir="0" index="0" bw="1" slack="1"/>
<pin id="87" dir="1" index="1" bw="1" slack="2147483647"/>
</pin_list>
<bind>
<opset="tmp "/>
</bind>
</comp>

<comp id="89" class="1005" name="tmp_data_V_reg_89">
<pin_list>
<pin id="90" dir="0" index="0" bw="32" slack="1"/>
<pin id="91" dir="1" index="1" bw="32" slack="1"/>
</pin_list>
<bind>
<opset="tmp_data_V "/>
</bind>
</comp>

<comp id="94" class="1005" name="tmp_strb_V_reg_94">
<pin_list>
<pin id="95" dir="0" index="0" bw="4" slack="1"/>
<pin id="96" dir="1" index="1" bw="4" slack="1"/>
</pin_list>
<bind>
<opset="tmp_strb_V "/>
</bind>
</comp>

<comp id="99" class="1005" name="tmp_last_V_reg_99">
<pin_list>
<pin id="100" dir="0" index="0" bw="1" slack="1"/>
<pin id="101" dir="1" index="1" bw="1" slack="1"/>
</pin_list>
<bind>
<opset="tmp_last_V "/>
</bind>
</comp>

</comp_list>

<net_list>
<net id="45"><net_src comp="12" pin="0"/><net_sink comp="38" pin=0"/></net>

<net id="46"><net_src comp="0" pin="0"/><net_sink comp="38" pin=1"/></net>

<net id="47"><net_src comp="2" pin="0"/><net_sink comp="38" pin=2"/></net>

<net id="48"><net_src comp="4" pin="0"/><net_sink comp="38" pin=3"/></net>

<net id="49"><net_src comp="14" pin="0"/><net_sink comp="38" pin=4"/></net>

<net id="56"><net_src comp="16" pin="0"/><net_sink comp="50" pin=0"/></net>

<net id="57"><net_src comp="0" pin="0"/><net_sink comp="50" pin=1"/></net>

<net id="58"><net_src comp="2" pin="0"/><net_sink comp="50" pin=2"/></net>

<net id="59"><net_src comp="4" pin="0"/><net_sink comp="50" pin=3"/></net>

<net id="69"><net_src comp="36" pin="0"/><net_sink comp="60" pin=0"/></net>

<net id="70"><net_src comp="6" pin="0"/><net_sink comp="60" pin=1"/></net>

<net id="71"><net_src comp="8" pin="0"/><net_sink comp="60" pin=2"/></net>

<net id="72"><net_src comp="10" pin="0"/><net_sink comp="60" pin=3"/></net>

<net id="76"><net_src comp="50" pin="4"/><net_sink comp="73" pin=0"/></net>

<net id="80"><net_src comp="50" pin="4"/><net_sink comp="77" pin=0"/></net>

<net id="84"><net_src comp="50" pin="4"/><net_sink comp="81" pin=0"/></net>

<net id="88"><net_src comp="38" pin="5"/><net_sink comp="85" pin=0"/></net>

<net id="92"><net_src comp="73" pin="1"/><net_sink comp="89" pin=0"/></net>

<net id="93"><net_src comp="89" pin="1"/><net_sink comp="60" pin=4"/></net>

<net id="97"><net_src comp="77" pin="1"/><net_sink comp="94" pin=0"/></net>

<net id="98"><net_src comp="94" pin="1"/><net_sink comp="60" pin=5"/></net>

<net id="102"><net_src comp="81" pin="1"/><net_sink comp="99" pin=0"/></net>

<net id="103"><net_src comp="99" pin="1"/><net_sink comp="60" pin=6"/></net>

</net_list>

</model> 
---------------- Datapath Model END ------------------

* FSMD analyzer results:
  - Output states:
	Port: ip2psFifo_V_data_V | {2 }
	Port: ip2psFifo_V_strb_V | {2 }
	Port: ip2psFifo_V_last_V | {2 }
 - Input state : 
	Port: core : ps2ipFifo_V_data_V | {1 }
	Port: core : ps2ipFifo_V_strb_V | {1 }
	Port: core : ps2ipFifo_V_last_V | {1 }
  - Chain level:
	State 1
	State 2


============================================================
+ Verbose Summary: Datapath Resource usage 
============================================================

* Functional unit list:
|----------|-------------------------|
| Operation|     Functional Unit     |
|----------|-------------------------|
| nbreadreq|   tmp_nbreadreq_fu_38   |
|----------|-------------------------|
|   read   |     empty_read_fu_50    |
|----------|-------------------------|
|   write  | StgValue_17_write_fu_60 |
|----------|-------------------------|
|          |     tmp_data_V_fu_73    |
|extractvalue|     tmp_strb_V_fu_77    |
|          |     tmp_last_V_fu_81    |
|----------|-------------------------|
|   Total  |                         |
|----------|-------------------------|

Memories:
N/A

* Register list:
+-----------------+--------+
|                 |   FF   |
+-----------------+--------+
|tmp_data_V_reg_89|   32   |
|tmp_last_V_reg_99|    1   |
|    tmp_reg_85   |    1   |
|tmp_strb_V_reg_94|    4   |
+-----------------+--------+
|      Total      |   38   |
+-----------------+--------+

* Multiplexer (MUX) list: 
|--------|------|------|------|--------|
|  Comp  |  Pin | Size |  BW  | S x BW |
|--------|------|------|------|--------|
|  Total |      |      |      |    0   |
|--------|------|------|------|--------|



* Summary:
+-----------+--------+
|           |   FF   |
+-----------+--------+
|  Function |    -   |
|   Memory  |    -   |
|Multiplexer|    -   |
|  Register |   38   |
+-----------+--------+
|   Total   |   38   |
+-----------+--------+
