

================================================================
== Vivado HLS Report for 'my_ip_hls'
================================================================
* Date:           Wed Apr  3 17:22:43 2019

* Version:        2017.4 (Build 2086221 on Fri Dec 15 21:13:33 MST 2017)
* Project:        my_ip_hls
* Solution:       solution1
* Product family: zynq
* Target device:  xc7z045ffg900-2


================================================================
== Performance Estimates
================================================================
+ Timing (ns): 
    * Summary: 
    +--------+-------+----------+------------+
    |  Clock | Target| Estimated| Uncertainty|
    +--------+-------+----------+------------+
    |ap_clk  |  10.00|      3.40|        1.25|
    +--------+-------+----------+------------+

+ Latency (clock cycles): 
    * Summary: 
    +-----+-----+-----+-----+----------+
    |  Latency  |  Interval | Pipeline |
    | min | max | min | max |   Type   |
    +-----+-----+-----+-----+----------+
    |    6|    6|    1|    1| dataflow |
    +-----+-----+-----+-----+----------+

    + Detail: 
        * Instance: 
        N/A

        * Loop: 
        N/A

============================================================
+ Verbose Summary: Synthesis Manager
============================================================
InlineROM: 1
ExposeGlobal: 0
============================================================
+ Verbose Summary: CDFG Model
============================================================
IsTopModel: 1
ResetActiveHigh: 1
IsCombinational: 2
IsDatapathOnly: 0
HasWiredReturn: 1
HasMFsm: 0
HasVarLatency: 1
IsPipeline: 0
IsRtlPipelined: 0
IsInstanceOverlapped: 0
IsDontTouch: 0
HasImplIP: 0
IsGatedGlobalClock: 0


============================================================
+ Verbose Summary: Schedule
============================================================
* Number of FSM states : 8
* Pipeline : 0
* Dataflow Pipeline: 1
  DF-Pipeline-0: Size = 8, States = { 1 2 3 4 5 6 7 8 }

* FSM state transitions: 
1 --> 
	2  / true
2 --> 
	3  / true
3 --> 
	4  / true
4 --> 
	5  / true
5 --> 
	6  / true
6 --> 
	7  / true
7 --> 
	8  / true
8 --> 

* FSM state operations: 

 <State 1> : 0.00ns
ST_1 : Operation 9 [2/2] (0.00ns)   --->   "call fastcc void @ps2ip_fifo(i32* %slaveIn_V_data_V, i4* %slaveIn_V_strb_V, i1* %slaveIn_V_last_V)" [my_ip_hls/my_ip_hls.cpp:22]   --->   Core 0 '' <Latency = 0> <II = 1> <Delay = 1.00> <Generic> <Opcode : >

 <State 2> : 0.00ns
ST_2 : Operation 10 [1/2] (0.00ns)   --->   "call fastcc void @ps2ip_fifo(i32* %slaveIn_V_data_V, i4* %slaveIn_V_strb_V, i1* %slaveIn_V_last_V)" [my_ip_hls/my_ip_hls.cpp:22]   --->   Core 0 '' <Latency = 0> <II = 1> <Delay = 1.00> <Generic> <Opcode : >

 <State 3> : 0.00ns
ST_3 : Operation 11 [2/2] (0.00ns)   --->   "call fastcc void @core() nounwind uwtable" [my_ip_hls/my_ip_hls.cpp:24]   --->   Core 0 '' <Latency = 0> <II = 1> <Delay = 1.00> <Generic> <Opcode : >

 <State 4> : 0.00ns
ST_4 : Operation 12 [1/2] (0.00ns)   --->   "call fastcc void @core() nounwind uwtable" [my_ip_hls/my_ip_hls.cpp:24]   --->   Core 0 '' <Latency = 0> <II = 1> <Delay = 1.00> <Generic> <Opcode : >

 <State 5> : 0.00ns
ST_5 : Operation 13 [3/3] (0.00ns)   --->   "call fastcc void @ip2ps_fifo(i32* %masterOut_V_data_V, i4* %masterOut_V_strb_V, i1* %masterOut_V_last_V)" [my_ip_hls/my_ip_hls.cpp:26]   --->   Core 0 '' <Latency = 0> <II = 1> <Delay = 1.00> <Generic> <Opcode : >

 <State 6> : 3.40ns
ST_6 : Operation 14 [2/3] (3.40ns)   --->   "call fastcc void @ip2ps_fifo(i32* %masterOut_V_data_V, i4* %masterOut_V_strb_V, i1* %masterOut_V_last_V)" [my_ip_hls/my_ip_hls.cpp:26]   --->   Core 0 '' <Latency = 0> <II = 1> <Delay = 1.00> <Generic> <Opcode : >

 <State 7> : 0.00ns
ST_7 : Operation 15 [1/3] (0.00ns)   --->   "call fastcc void @ip2ps_fifo(i32* %masterOut_V_data_V, i4* %masterOut_V_strb_V, i1* %masterOut_V_last_V)" [my_ip_hls/my_ip_hls.cpp:26]   --->   Core 0 '' <Latency = 0> <II = 1> <Delay = 1.00> <Generic> <Opcode : >

 <State 8> : 0.00ns
ST_8 : Operation 16 [1/1] (0.00ns)   --->   "call void (...)* @_ssdm_op_SpecDataflowPipeline(i32 -1, [1 x i8]* @p_str2) nounwind" [my_ip_hls/my_ip_hls.cpp:6]
ST_8 : Operation 17 [1/1] (0.00ns)   --->   "%empty = call i32 (...)* @_ssdm_op_SpecChannel([19 x i8]* @ip2psFifo_OC_V_OC_da, i32 1, [1 x i8]* @p_str, [1 x i8]* @p_str, i32 64, i32 64, i32* @ip2psFifo_V_data_V, i32* @ip2psFifo_V_data_V)"
ST_8 : Operation 18 [1/1] (0.00ns)   --->   "call void (...)* @_ssdm_op_SpecInterface(i32* @ip2psFifo_V_data_V, [8 x i8]* @ap_fifo_str, i32 0, i32 0, [1 x i8]* @p_str, i32 0, i32 0, [1 x i8]* @p_str, [1 x i8]* @p_str, [1 x i8]* @p_str, i32 2, i32 2, i32 16, i32 16, [1 x i8]* @p_str, [1 x i8]* @p_str)"
ST_8 : Operation 19 [1/1] (0.00ns)   --->   "%empty_5 = call i32 (...)* @_ssdm_op_SpecChannel([19 x i8]* @ip2psFifo_OC_V_OC_la, i32 1, [1 x i8]* @p_str, [1 x i8]* @p_str, i32 64, i32 64, i1* @ip2psFifo_V_last_V, i1* @ip2psFifo_V_last_V)"
ST_8 : Operation 20 [1/1] (0.00ns)   --->   "call void (...)* @_ssdm_op_SpecInterface(i1* @ip2psFifo_V_last_V, [8 x i8]* @ap_fifo_str, i32 0, i32 0, [1 x i8]* @p_str, i32 0, i32 0, [1 x i8]* @p_str, [1 x i8]* @p_str, [1 x i8]* @p_str, i32 2, i32 2, i32 16, i32 16, [1 x i8]* @p_str, [1 x i8]* @p_str)"
ST_8 : Operation 21 [1/1] (0.00ns)   --->   "%empty_6 = call i32 (...)* @_ssdm_op_SpecChannel([19 x i8]* @ip2psFifo_OC_V_OC_st, i32 1, [1 x i8]* @p_str, [1 x i8]* @p_str, i32 64, i32 64, i4* @ip2psFifo_V_strb_V, i4* @ip2psFifo_V_strb_V)"
ST_8 : Operation 22 [1/1] (0.00ns)   --->   "call void (...)* @_ssdm_op_SpecInterface(i4* @ip2psFifo_V_strb_V, [8 x i8]* @ap_fifo_str, i32 0, i32 0, [1 x i8]* @p_str, i32 0, i32 0, [1 x i8]* @p_str, [1 x i8]* @p_str, [1 x i8]* @p_str, i32 2, i32 2, i32 16, i32 16, [1 x i8]* @p_str, [1 x i8]* @p_str)"
ST_8 : Operation 23 [1/1] (0.00ns)   --->   "%empty_7 = call i32 (...)* @_ssdm_op_SpecChannel([19 x i8]* @ps2ipFifo_OC_V_OC_da, i32 1, [1 x i8]* @p_str, [1 x i8]* @p_str, i32 64, i32 64, i32* @ps2ipFifo_V_data_V, i32* @ps2ipFifo_V_data_V)"
ST_8 : Operation 24 [1/1] (0.00ns)   --->   "call void (...)* @_ssdm_op_SpecInterface(i32* @ps2ipFifo_V_data_V, [8 x i8]* @ap_fifo_str, i32 0, i32 0, [1 x i8]* @p_str, i32 0, i32 0, [1 x i8]* @p_str, [1 x i8]* @p_str, [1 x i8]* @p_str, i32 2, i32 2, i32 16, i32 16, [1 x i8]* @p_str, [1 x i8]* @p_str)"
ST_8 : Operation 25 [1/1] (0.00ns)   --->   "%empty_8 = call i32 (...)* @_ssdm_op_SpecChannel([19 x i8]* @ps2ipFifo_OC_V_OC_la, i32 1, [1 x i8]* @p_str, [1 x i8]* @p_str, i32 64, i32 64, i1* @ps2ipFifo_V_last_V, i1* @ps2ipFifo_V_last_V)"
ST_8 : Operation 26 [1/1] (0.00ns)   --->   "call void (...)* @_ssdm_op_SpecInterface(i1* @ps2ipFifo_V_last_V, [8 x i8]* @ap_fifo_str, i32 0, i32 0, [1 x i8]* @p_str, i32 0, i32 0, [1 x i8]* @p_str, [1 x i8]* @p_str, [1 x i8]* @p_str, i32 2, i32 2, i32 16, i32 16, [1 x i8]* @p_str, [1 x i8]* @p_str)"
ST_8 : Operation 27 [1/1] (0.00ns)   --->   "%empty_9 = call i32 (...)* @_ssdm_op_SpecChannel([19 x i8]* @ps2ipFifo_OC_V_OC_st, i32 1, [1 x i8]* @p_str, [1 x i8]* @p_str, i32 64, i32 64, i4* @ps2ipFifo_V_strb_V, i4* @ps2ipFifo_V_strb_V)"
ST_8 : Operation 28 [1/1] (0.00ns)   --->   "call void (...)* @_ssdm_op_SpecInterface(i4* @ps2ipFifo_V_strb_V, [8 x i8]* @ap_fifo_str, i32 0, i32 0, [1 x i8]* @p_str, i32 0, i32 0, [1 x i8]* @p_str, [1 x i8]* @p_str, [1 x i8]* @p_str, i32 2, i32 2, i32 16, i32 16, [1 x i8]* @p_str, [1 x i8]* @p_str)"
ST_8 : Operation 29 [1/1] (0.00ns)   --->   "call void (...)* @_ssdm_op_SpecBitsMap(i32* %slaveIn_V_data_V), !map !52"
ST_8 : Operation 30 [1/1] (0.00ns)   --->   "call void (...)* @_ssdm_op_SpecBitsMap(i4* %slaveIn_V_strb_V), !map !56"
ST_8 : Operation 31 [1/1] (0.00ns)   --->   "call void (...)* @_ssdm_op_SpecBitsMap(i1* %slaveIn_V_last_V), !map !60"
ST_8 : Operation 32 [1/1] (0.00ns)   --->   "call void (...)* @_ssdm_op_SpecBitsMap(i32* %masterOut_V_data_V), !map !64"
ST_8 : Operation 33 [1/1] (0.00ns)   --->   "call void (...)* @_ssdm_op_SpecBitsMap(i4* %masterOut_V_strb_V), !map !68"
ST_8 : Operation 34 [1/1] (0.00ns)   --->   "call void (...)* @_ssdm_op_SpecBitsMap(i1* %masterOut_V_last_V), !map !72"
ST_8 : Operation 35 [1/1] (0.00ns)   --->   "call void (...)* @_ssdm_op_SpecTopModule([10 x i8]* @my_ip_hls_str) nounwind"
ST_8 : Operation 36 [1/1] (0.00ns)   --->   "call void (...)* @_ssdm_op_SpecInterface(i32* %slaveIn_V_data_V, i4* %slaveIn_V_strb_V, i1* %slaveIn_V_last_V, [5 x i8]* @p_str1, i32 1, i32 1, [5 x i8]* @p_str23, i32 0, i32 0, [1 x i8]* @p_str2, [1 x i8]* @p_str2, [1 x i8]* @p_str2, i32 0, i32 0, i32 0, i32 0, [1 x i8]* @p_str2, [1 x i8]* @p_str2) nounwind" [my_ip_hls/my_ip_hls.cpp:7]
ST_8 : Operation 37 [1/1] (0.00ns)   --->   "call void (...)* @_ssdm_op_SpecInterface(i32* %masterOut_V_data_V, i4* %masterOut_V_strb_V, i1* %masterOut_V_last_V, [5 x i8]* @p_str1, i32 1, i32 1, [5 x i8]* @p_str23, i32 0, i32 0, [1 x i8]* @p_str2, [1 x i8]* @p_str2, [1 x i8]* @p_str2, i32 0, i32 0, i32 0, i32 0, [1 x i8]* @p_str2, [1 x i8]* @p_str2) nounwind" [my_ip_hls/my_ip_hls.cpp:8]
ST_8 : Operation 38 [1/1] (0.00ns)   --->   "call void (...)* @_ssdm_op_SpecInterface(i32 0, [13 x i8]* @p_str3, i32 0, i32 0, [1 x i8]* @p_str2, i32 0, i32 0, [1 x i8]* @p_str2, [1 x i8]* @p_str2, [1 x i8]* @p_str2, i32 0, i32 0, i32 0, i32 0, [1 x i8]* @p_str2, [1 x i8]* @p_str2) nounwind" [my_ip_hls/my_ip_hls.cpp:9]
ST_8 : Operation 39 [1/1] (0.00ns)   --->   "ret void" [my_ip_hls/my_ip_hls.cpp:28]


============================================================
+ Verbose Summary: Timing violations
============================================================
Target clock period: 10ns, clock uncertainty: 1.25ns.

 <State 1>: 0ns
The critical path consists of the following:

 <State 2>: 0ns
The critical path consists of the following:

 <State 3>: 0ns
The critical path consists of the following:

 <State 4>: 0ns
The critical path consists of the following:

 <State 5>: 0ns
The critical path consists of the following:

 <State 6>: 3.4ns
The critical path consists of the following:
	'call' operation (my_ip_hls/my_ip_hls.cpp:26) to 'ip2ps_fifo' [38]  (3.4 ns)

 <State 7>: 0ns
The critical path consists of the following:

 <State 8>: 0ns
The critical path consists of the following:


============================================================
+ Verbose Summary: Binding
============================================================
N/A
* FSMD analyzer results:
  - Output states:
 - Input state : 
  - Chain level:
	State 1
	State 2
	State 3
	State 4
	State 5
	State 6
	State 7
	State 8


============================================================
+ Verbose Summary: Datapath Resource usage 
============================================================
N/A
