INFO: [SIM 2] *************** CSIM start ***************
INFO: [SIM 4] CSIM will launch GCC as the compiler.
   Compiling ../../../my_ip_hls.cpp in debug mode
   Generating csim.exe
0: read data: 1
1: read data: 2
2: read data: 3
3: read data: 4
4: read data: 5
5: read data: 6
6: read data: 7
7: read data: 8
8: read data: 9
9: read data: 10
10: read data: 11
11: read data: 12
12: read data: 13
13: read data: 14
14: read data: 15
15: read data: 16
16: read data: 17
17: read data: 18
18: read data: 19
19: read data: 20
20: read data: 21
21: read data: 22
22: read data: 23
23: read data: 24
24: read data: 25
25: read data: 26
26: read data: 27
27: read data: 28
28: read data: 29
29: read data: 30
30: read data: 31
31: read data: 32
32: read data: 33
33: read data: 34
34: read data: 35
35: read data: 36
36: read data: 37
37: read data: 38
38: read data: 39
39: read data: 40
40: read data: 41
41: read data: 42
42: read data: 43
43: read data: 44
44: read data: 45
45: read data: 46
46: read data: 47
47: read data: 48
48: read data: 49
49: read data: 50
50: read data: 51
51: read data: 52
52: read data: 53
53: read data: 54
54: read data: 55
55: read data: 56
56: read data: 57
57: read data: 58
58: read data: 59
59: read data: 60
60: read data: 61
61: read data: 62
62: read data: 63
63: read data: 64
64: read data: 65
65: read data: 66
66: read data: 67
67: read data: 68
68: read data: 69
69: read data: 70
70: read data: 71
71: read data: 72
72: read data: 73
73: read data: 74
74: read data: 75
75: read data: 76
76: read data: 77
77: read data: 78
78: read data: 79
79: read data: 80
80: read data: 81
81: read data: 82
82: read data: 83
83: read data: 84
84: read data: 85
85: read data: 86
86: read data: 87
87: read data: 88
88: read data: 89
89: read data: 90
90: read data: 91
91: read data: 92
92: read data: 93
93: read data: 94
94: read data: 95
95: read data: 96
96: read data: 97
97: read data: 98
98: read data: 99
99: read data: 100
INFO: [SIM 1] CSim done with 0 errors.
INFO: [SIM 3] *************** CSIM finish ***************
