INFO: [VRFC 10-2263] Analyzing Verilog file "C:/Work/Courses/HRY591/project/work/project_2_17.4/project_2.ip_user_files/bd/base_zynq/ip/base_zynq_processing_system7_0_0/sim/base_zynq_processing_system7_0_0.v" into library xil_defaultlib
INFO: [VRFC 10-311] analyzing module base_zynq_processing_system7_0_0
INFO: [VRFC 10-2263] Analyzing Verilog file "C:/Work/Courses/HRY591/project/work/project_2_17.4/project_2.ip_user_files/bd/base_zynq/ip/base_zynq_blk_mem_gen_0_0/sim/base_zynq_blk_mem_gen_0_0.v" into library xil_defaultlib
INFO: [VRFC 10-311] analyzing module base_zynq_blk_mem_gen_0_0
INFO: [VRFC 10-2263] Analyzing Verilog file "C:/Work/Courses/HRY591/project/work/project_2_17.4/project_2.ip_user_files/bd/base_zynq/ip/base_zynq_xlconcat_0_0/sim/base_zynq_xlconcat_0_0.v" into library xil_defaultlib
INFO: [VRFC 10-311] analyzing module base_zynq_xlconcat_0_0
INFO: [VRFC 10-2263] Analyzing Verilog file "C:/Work/Courses/HRY591/project/work/project_2_17.4/project_2.ip_user_files/bd/base_zynq/ip/base_zynq_xbar_0/sim/base_zynq_xbar_0.v" into library xil_defaultlib
INFO: [VRFC 10-311] analyzing module base_zynq_xbar_0
INFO: [VRFC 10-2263] Analyzing Verilog file "C:/Work/Courses/HRY591/project/work/project_2_17.4/project_2.ip_user_files/bd/base_zynq/ip/base_zynq_xbar_1/sim/base_zynq_xbar_1.v" into library xil_defaultlib
INFO: [VRFC 10-311] analyzing module base_zynq_xbar_1
INFO: [VRFC 10-2263] Analyzing Verilog file "C:/Work/Courses/HRY591/project/work/project_2_17.4/project_2.ip_user_files/bd/base_zynq/ip/base_zynq_auto_pc_0/sim/base_zynq_auto_pc_0.v" into library xil_defaultlib
INFO: [VRFC 10-311] analyzing module base_zynq_auto_pc_0
INFO: [VRFC 10-2263] Analyzing Verilog file "C:/Work/Courses/HRY591/project/work/project_2_17.4/project_2.ip_user_files/bd/base_zynq/ip/base_zynq_auto_pc_1/sim/base_zynq_auto_pc_1.v" into library xil_defaultlib
INFO: [VRFC 10-311] analyzing module base_zynq_auto_pc_1
INFO: [VRFC 10-2263] Analyzing Verilog file "C:/Work/Courses/HRY591/project/work/project_2_17.4/project_2.srcs/sim_1/imports/base_zynq/zynq_tb.v" into library xil_defaultlib
INFO: [VRFC 10-311] analyzing module tb
INFO: [VRFC 10-2263] Analyzing Verilog file "C:/Work/Courses/HRY591/project/work/project_2_17.4/project_2.sim/sim_1/behav/xsim/glbl.v" into library xil_defaultlib
INFO: [VRFC 10-311] analyzing module glbl
INFO: [VRFC 10-163] Analyzing VHDL file "C:/Work/Courses/HRY591/project/work/project_2_17.4/project_2.ip_user_files/bd/base_zynq/ip/base_zynq_axi_bram_ctrl_0_0/sim/base_zynq_axi_bram_ctrl_0_0.vhd" into library xil_defaultlib
INFO: [VRFC 10-307] analyzing entity base_zynq_axi_bram_ctrl_0_0
INFO: [VRFC 10-163] Analyzing VHDL file "C:/Work/Courses/HRY591/project/work/project_2_17.4/project_2.ip_user_files/bd/base_zynq/ip/base_zynq_rst_ps7_0_50M_0/sim/base_zynq_rst_ps7_0_50M_0.vhd" into library xil_defaultlib
INFO: [VRFC 10-307] analyzing entity base_zynq_rst_ps7_0_50M_0
INFO: [VRFC 10-163] Analyzing VHDL file "C:/Work/Courses/HRY591/project/work/project_2_17.4/project_2.ip_user_files/bd/base_zynq/ip/base_zynq_axi_bram_ctrl_0_1/sim/base_zynq_axi_bram_ctrl_0_1.vhd" into library xil_defaultlib
INFO: [VRFC 10-307] analyzing entity base_zynq_axi_bram_ctrl_0_1
INFO: [VRFC 10-163] Analyzing VHDL file "C:/Work/Courses/HRY591/project/work/project_2_17.4/project_2.ip_user_files/bd/base_zynq/ip/base_zynq_axi_dma_0_0/sim/base_zynq_axi_dma_0_0.vhd" into library xil_defaultlib
INFO: [VRFC 10-307] analyzing entity base_zynq_axi_dma_0_0
INFO: [VRFC 10-163] Analyzing VHDL file "C:/Work/Courses/HRY591/project/work/project_2_17.4/project_2.ip_user_files/bd/base_zynq/sim/base_zynq.vhd" into library xil_defaultlib
INFO: [VRFC 10-307] analyzing entity m00_couplers_imp_1GYG9DM
INFO: [VRFC 10-307] analyzing entity m00_couplers_imp_U3ORI
INFO: [VRFC 10-307] analyzing entity m01_couplers_imp_T79JC2
INFO: [VRFC 10-307] analyzing entity s00_couplers_imp_171TS1U
INFO: [VRFC 10-307] analyzing entity s00_couplers_imp_AT80TI
INFO: [VRFC 10-307] analyzing entity s01_couplers_imp_LB242I
INFO: [VRFC 10-307] analyzing entity base_zynq_axi_interconnect_0_0
INFO: [VRFC 10-307] analyzing entity base_zynq_ps7_0_axi_periph_0
INFO: [VRFC 10-307] analyzing entity base_zynq
INFO: [VRFC 10-163] Analyzing VHDL file "C:/Work/Courses/HRY591/project/work/project_2_17.4/project_2.ip_user_files/bd/base_zynq/ipshared/1f12/hdl/myip_v1_1_M00_AXIS.vhd" into library xil_defaultlib
INFO: [VRFC 10-307] analyzing entity myip_v1_1_M00_AXIS
INFO: [VRFC 10-163] Analyzing VHDL file "C:/Work/Courses/HRY591/project/work/project_2_17.4/project_2.ip_user_files/bd/base_zynq/ipshared/1f12/hdl/myip_v1_1_S00_AXIS.vhd" into library xil_defaultlib
INFO: [VRFC 10-307] analyzing entity myip_v1_1_S00_AXIS
INFO: [VRFC 10-163] Analyzing VHDL file "C:/Work/Courses/HRY591/project/work/project_2_17.4/project_2.ip_user_files/bd/base_zynq/ipshared/1f12/hdl/myip_v1_1.vhd" into library xil_defaultlib
INFO: [VRFC 10-307] analyzing entity myip_v1_1
INFO: [VRFC 10-163] Analyzing VHDL file "C:/Work/Courses/HRY591/project/work/project_2_17.4/project_2.ip_user_files/bd/base_zynq/ip/base_zynq_myip_0_0/sim/base_zynq_myip_0_0.vhd" into library xil_defaultlib
INFO: [VRFC 10-307] analyzing entity base_zynq_myip_0_0
INFO: [VRFC 10-163] Analyzing VHDL file "C:/Work/Courses/HRY591/project/work/project_2_17.4/project_2.srcs/sources_1/bd/base_zynq/hdl/base_zynq_wrapper.vhd" into library xil_defaultlib
INFO: [VRFC 10-307] analyzing entity base_zynq_wrapper
