INFO: [VRFC 10-163] Analyzing VHDL file "C:/Work/Courses/HRY591/project/work/project_2/project_2.ip_user_files/bd/base_zynq/ip/base_zynq_axi_bram_ctrl_0_0/sim/base_zynq_axi_bram_ctrl_0_0.vhd" into library xil_defaultlib
INFO: [VRFC 10-307] analyzing entity base_zynq_axi_bram_ctrl_0_0
INFO: [VRFC 10-163] Analyzing VHDL file "C:/Work/Courses/HRY591/project/work/project_2/project_2.ip_user_files/bd/base_zynq/ip/base_zynq_rst_ps7_0_50M_0/sim/base_zynq_rst_ps7_0_50M_0.vhd" into library xil_defaultlib
INFO: [VRFC 10-307] analyzing entity base_zynq_rst_ps7_0_50M_0
INFO: [VRFC 10-163] Analyzing VHDL file "C:/Work/Courses/HRY591/project/work/project_2/project_2.ip_user_files/bd/base_zynq/hdl/base_zynq.vhd" into library xil_defaultlib
INFO: [VRFC 10-307] analyzing entity m00_couplers_imp_1GYG9DM
INFO: [VRFC 10-307] analyzing entity m00_couplers_imp_U3ORI
INFO: [VRFC 10-307] analyzing entity m01_couplers_imp_T79JC2
INFO: [VRFC 10-307] analyzing entity s00_couplers_imp_171TS1U
INFO: [VRFC 10-307] analyzing entity s00_couplers_imp_AT80TI
INFO: [VRFC 10-307] analyzing entity s01_couplers_imp_LB242I
INFO: [VRFC 10-307] analyzing entity base_zynq_axi_interconnect_0_0
INFO: [VRFC 10-307] analyzing entity base_zynq_ps7_0_axi_periph_0
INFO: [VRFC 10-307] analyzing entity base_zynq
INFO: [VRFC 10-163] Analyzing VHDL file "C:/Work/Courses/HRY591/project/work/project_2/project_2.ip_user_files/bd/base_zynq/ip/base_zynq_axi_bram_ctrl_0_1/sim/base_zynq_axi_bram_ctrl_0_1.vhd" into library xil_defaultlib
INFO: [VRFC 10-307] analyzing entity base_zynq_axi_bram_ctrl_0_1
INFO: [VRFC 10-163] Analyzing VHDL file "C:/Work/Courses/HRY591/project/work/project_2/project_2.ip_user_files/bd/base_zynq/ip/base_zynq_axi_dma_0_0/sim/base_zynq_axi_dma_0_0.vhd" into library xil_defaultlib
INFO: [VRFC 10-307] analyzing entity base_zynq_axi_dma_0_0
INFO: [VRFC 10-163] Analyzing VHDL file "C:/Work/Courses/HRY591/project/work/project_2/project_2.srcs/sources_1/bd/base_zynq/hdl/base_zynq_wrapper.vhd" into library xil_defaultlib
INFO: [VRFC 10-307] analyzing entity base_zynq_wrapper
